[2018-06-04 08:32:14,792][INFO ] c.h.s.SpringbootEasyuiApplication[48] - Starting SpringbootEasyuiApplication on PC-20171116TZRZ with PID 10120 (F:\IdeaWork\springboot_easyui\target\classes started by Administrator in F:\IdeaWork\springboot_easyui)
[2018-06-04 08:32:14,811][INFO ] c.h.s.SpringbootEasyuiApplication[593] - No active profile set, falling back to default profiles: default
[2018-06-04 08:32:14,905][INFO ] o.s.b.c.e.AnnotationConfigEmbeddedWebApplicationContext[583] - Refreshing org.springframework.boot.context.embedded.AnnotationConfigEmbeddedWebApplicationContext@674ac270: startup date [Mon Jun 04 08:32:14 CST 2018]; root of context hierarchy
[2018-06-04 08:32:14,912][INFO ] o.h.v.i.util.Version[30] - HV000001: Hibernate Validator 5.3.6.Final
[2018-06-04 08:32:15,977][INFO ] o.s.c.s.PostProcessorRegistrationDelegate$BeanPostProcessorChecker[327] - Bean 'org.springframework.transaction.annotation.ProxyTransactionManagementConfiguration' of type [org.springframework.transaction.annotation.ProxyTransactionManagementConfiguration$$EnhancerBySpringCGLIB$$8429c671] is not eligible for getting processed by all BeanPostProcessors (for example: not eligible for auto-proxying)
[2018-06-04 08:32:16,361][INFO ] o.s.b.c.e.t.TomcatEmbeddedServletContainer[92] - Tomcat initialized with port(s): 8080 (http)
[2018-06-04 08:32:16,370][INFO ] o.a.c.h.Http11NioProtocol[180] - Initializing ProtocolHandler ["http-nio-8080"]
[2018-06-04 08:32:16,378][INFO ] o.a.c.c.StandardService[180] - Starting service [Tomcat]
[2018-06-04 08:32:16,378][INFO ] o.a.c.c.StandardEngine[180] - Starting Servlet Engine: Apache Tomcat/8.5.31
[2018-06-04 08:32:16,455][INFO ] o.a.c.c.C.[.[.[/][180] - Initializing Spring embedded WebApplicationContext
[2018-06-04 08:32:16,456][INFO ] o.s.w.c.ContextLoader[276] - Root WebApplicationContext: initialization completed in 1551 ms
[2018-06-04 08:32:16,560][INFO ] o.s.b.w.s.ServletRegistrationBean[190] - Mapping servlet: 'dispatcherServlet' to [/]
[2018-06-04 08:32:16,563][INFO ] o.s.b.w.s.FilterRegistrationBean[258] - Mapping filter: 'characterEncodingFilter' to: [/*]
[2018-06-04 08:32:16,564][INFO ] o.s.b.w.s.FilterRegistrationBean[258] - Mapping filter: 'hiddenHttpMethodFilter' to: [/*]
[2018-06-04 08:32:16,564][INFO ] o.s.b.w.s.FilterRegistrationBean[258] - Mapping filter: 'httpPutFormContentFilter' to: [/*]
[2018-06-04 08:32:16,564][INFO ] o.s.b.w.s.FilterRegistrationBean[258] - Mapping filter: 'requestContextFilter' to: [/*]
[2018-06-04 08:32:18,866][INFO ] o.s.o.j.LocalContainerEntityManagerFactoryBean[356] - Building JPA container EntityManagerFactory for persistence unit 'default'
[2018-06-04 08:32:18,874][INFO ] o.h.j.i.u.LogHelper[31] - HHH000204: Processing PersistenceUnitInfo [
	name: default
	...]
[2018-06-04 08:32:18,916][INFO ] o.hibernate.Version[37] - HHH000412: Hibernate Core {5.0.12.Final}
[2018-06-04 08:32:18,917][INFO ] o.h.cfg.Environment[198] - HHH000205: Loaded properties from resource hibernate.properties: {hibernate.dialect=org.hibernate.dialect.MySQL5Dialect, hibernate.show_sql=true, hibernate.bytecode.use_reflection_optimizer=false, hibernate.hbm2ddl.auto=update, hibernate.format_sql=true}
[2018-06-04 08:32:18,918][INFO ] o.h.cfg.Environment[317] - HHH000021: Bytecode provider name : javassist
[2018-06-04 08:32:18,943][INFO ] o.h.a.common.Version[66] - HCANN000001: Hibernate Commons Annotations {5.0.1.Final}
[2018-06-04 08:32:19,024][INFO ] o.h.dialect.Dialect[156] - HHH000400: Using dialect: org.hibernate.dialect.MySQL5Dialect
[2018-06-04 08:32:19,400][INFO ] o.h.t.h.SchemaUpdate[105] - HHH000228: Running hbm2ddl schema update
[2018-06-04 08:32:24,649][INFO ] o.s.o.j.LocalContainerEntityManagerFactoryBean[414] - Initialized JPA EntityManagerFactory for persistence unit 'default'
[2018-06-04 08:32:24,899][INFO ] o.s.s.c.ThreadPoolTaskScheduler[165] - Initializing ExecutorService  'defaultSockJsTaskScheduler'
[2018-06-04 08:32:24,924][INFO ] o.s.w.s.s.s.WebSocketHandlerMapping[362] - Mapped URL path [/ws/server] onto handler of type [class org.springframework.web.socket.server.support.WebSocketHttpRequestHandler]
[2018-06-04 08:32:24,924][INFO ] o.s.w.s.s.s.WebSocketHandlerMapping[362] - Mapped URL path [/sockjs/server/**] onto handler of type [class org.springframework.web.socket.sockjs.support.SockJsHttpRequestHandler]
[2018-06-04 08:32:25,189][INFO ] o.s.w.s.m.m.a.RequestMappingHandlerAdapter[534] - Looking for @ControllerAdvice: org.springframework.boot.context.embedded.AnnotationConfigEmbeddedWebApplicationContext@674ac270: startup date [Mon Jun 04 08:32:14 CST 2018]; root of context hierarchy
[2018-06-04 08:32:25,233][INFO ] o.s.w.s.m.m.a.RequestMappingHandlerMapping[543] - Mapped "{[/]}" onto public java.lang.String com.huhy.springboot_easyui.easyui.controller.AppController.index()
[2018-06-04 08:32:25,234][INFO ] o.s.w.s.m.m.a.RequestMappingHandlerMapping[543] - Mapped "{[/reject]}" onto public java.lang.String com.huhy.springboot_easyui.easyui.controller.AppController.reject()
[2018-06-04 08:32:25,236][INFO ] o.s.w.s.m.m.a.RequestMappingHandlerMapping[543] - Mapped "{[/resource]}" onto public java.lang.String com.huhy.springboot_easyui.easyui.controller.AppController.login(javax.servlet.http.HttpSession,org.springframework.ui.Model)
[2018-06-04 08:32:25,236][INFO ] o.s.w.s.m.m.a.RequestMappingHandlerMapping[543] - Mapped "{[/login]}" onto public java.lang.String com.huhy.springboot_easyui.easyui.controller.AppController.login(javax.servlet.http.HttpSession)
[2018-06-04 08:32:25,237][INFO ] o.s.w.s.m.m.a.RequestMappingHandlerMapping[543] - Mapped "{[/logout]}" onto public java.lang.String com.huhy.springboot_easyui.easyui.controller.AppController.logout(javax.servlet.http.HttpSession)
[2018-06-04 08:32:25,237][INFO ] o.s.w.s.m.m.a.RequestMappingHandlerMapping[543] - Mapped "{[/login],methods=[POST]}" onto public java.lang.String com.huhy.springboot_easyui.easyui.controller.AppController.doLoin(java.lang.String,java.lang.String,org.springframework.web.servlet.mvc.support.RedirectAttributes,javax.servlet.http.HttpSession)
[2018-06-04 08:32:25,237][INFO ] o.s.w.s.m.m.a.RequestMappingHandlerMapping[543] - Mapped "{[/reg],methods=[GET]}" onto public java.lang.String com.huhy.springboot_easyui.easyui.controller.AppController.toReg()
[2018-06-04 08:32:25,237][INFO ] o.s.w.s.m.m.a.RequestMappingHandlerMapping[543] - Mapped "{[/reg],methods=[POST]}" onto public java.lang.String com.huhy.springboot_easyui.easyui.controller.AppController.doReg(java.lang.String,java.lang.String,java.lang.String,java.lang.String,java.lang.String,org.springframework.web.servlet.mvc.support.RedirectAttributes)
[2018-06-04 08:32:25,238][INFO ] o.s.w.s.m.m.a.RequestMappingHandlerMapping[543] - Mapped "{[/verify/code],methods=[GET]}" onto public void com.huhy.springboot_easyui.easyui.controller.AppController.verifyCode(javax.servlet.http.HttpServletResponse,javax.servlet.http.HttpSession)
[2018-06-04 08:32:25,238][INFO ] o.s.w.s.m.m.a.RequestMappingHandlerMapping[543] - Mapped "{[/desktop]}" onto public java.lang.String com.huhy.springboot_easyui.easyui.controller.AppController.desktop()
[2018-06-04 08:32:25,238][INFO ] o.s.w.s.m.m.a.RequestMappingHandlerMapping[543] - Mapped "{[/change/password]}" onto public java.lang.String com.huhy.springboot_easyui.easyui.controller.AppController.changePassword()
[2018-06-04 08:32:25,238][INFO ] o.s.w.s.m.m.a.RequestMappingHandlerMapping[543] - Mapped "{[/change/password],methods=[POST]}" onto public com.huhy.springboot_easyui.easyui.common.AjaxResult com.huhy.springboot_easyui.easyui.controller.AppController.doChangePassword(com.huhy.springboot_easyui.easyui.model.domain.Member,java.lang.String,java.lang.String,java.lang.String)
[2018-06-04 08:32:25,239][INFO ] o.s.w.s.m.m.a.RequestMappingHandlerMapping[543] - Mapped "{[/change/info]}" onto public java.lang.String com.huhy.springboot_easyui.easyui.controller.AppController.changeInfo()
[2018-06-04 08:32:25,239][INFO ] o.s.w.s.m.m.a.RequestMappingHandlerMapping[543] - Mapped "{[/change/info],methods=[POST]}" onto public com.huhy.springboot_easyui.easyui.common.AjaxResult com.huhy.springboot_easyui.easyui.controller.AppController.doChangeInfo(com.huhy.springboot_easyui.easyui.model.domain.Member,com.huhy.springboot_easyui.easyui.model.domain.Member,javax.servlet.http.HttpSession)
[2018-06-04 08:32:25,242][INFO ] o.s.w.s.m.m.a.RequestMappingHandlerMapping[543] - Mapped "{[/attachment/upload],methods=[POST]}" onto public com.huhy.springboot_easyui.easyui.common.AjaxResult com.huhy.springboot_easyui.easyui.controller.AttachmentController.upload(com.huhy.springboot_easyui.easyui.common.AttachmentType,com.huhy.springboot_easyui.easyui.model.domain.Member,org.springframework.web.multipart.MultipartFile)
[2018-06-04 08:32:25,242][INFO ] o.s.w.s.m.m.a.RequestMappingHandlerMapping[543] - Mapped "{[/attachment/**],methods=[GET]}" onto public org.springframework.http.ResponseEntity<org.springframework.core.io.Resource> com.huhy.springboot_easyui.easyui.controller.AttachmentController.loadFile(javax.servlet.http.HttpServletRequest)
[2018-06-04 08:32:25,244][INFO ] o.s.w.s.m.m.a.RequestMappingHandlerMapping[543] - Mapped "{[/system/member]}" onto public void com.huhy.springboot_easyui.easyui.controller.system.MemberController.index()
[2018-06-04 08:32:25,244][INFO ] o.s.w.s.m.m.a.RequestMappingHandlerMapping[543] - Mapped "{[/system/member/form]}" onto public void com.huhy.springboot_easyui.easyui.controller.system.MemberController.form(java.lang.Long,org.springframework.ui.Model)
[2018-06-04 08:32:25,244][INFO ] o.s.w.s.m.m.a.RequestMappingHandlerMapping[543] - Mapped "{[/system/member/delete]}" onto public com.huhy.springboot_easyui.easyui.common.AjaxResult com.huhy.springboot_easyui.easyui.controller.system.MemberController.delete(java.lang.Long)
[2018-06-04 08:32:25,244][INFO ] o.s.w.s.m.m.a.RequestMappingHandlerMapping[543] - Mapped "{[/system/member/check]}" onto public boolean com.huhy.springboot_easyui.easyui.controller.system.MemberController.check(java.lang.String)
[2018-06-04 08:32:25,245][INFO ] o.s.w.s.m.m.a.RequestMappingHandlerMapping[543] - Mapped "{[/system/member/list]}" onto public com.huhy.springboot_easyui.easyui.common.DataGrid<com.huhy.springboot_easyui.easyui.model.domain.Member> com.huhy.springboot_easyui.easyui.controller.system.MemberController.list(int,int,java.lang.String,java.lang.String,java.lang.String)
[2018-06-04 08:32:25,245][INFO ] o.s.w.s.m.m.a.RequestMappingHandlerMapping[543] - Mapped "{[/system/member/save || /system/member/update]}" onto public com.huhy.springboot_easyui.easyui.common.AjaxResult com.huhy.springboot_easyui.easyui.controller.system.MemberController.save(com.huhy.springboot_easyui.easyui.model.domain.Member,java.lang.Long[],org.springframework.validation.BindingResult)
[2018-06-04 08:32:25,245][INFO ] o.s.w.s.m.m.a.RequestMappingHandlerMapping[543] - Mapped "{[/system/member/roles]}" onto public java.util.List<com.huhy.springboot_easyui.easyui.model.domain.Role> com.huhy.springboot_easyui.easyui.controller.system.MemberController.roles()
[2018-06-04 08:32:25,245][INFO ] o.s.w.s.m.m.a.RequestMappingHandlerMapping[543] - Mapped "{[/system/member/password/reset]}" onto public com.huhy.springboot_easyui.easyui.common.AjaxResult com.huhy.springboot_easyui.easyui.controller.system.MemberController.resetPassword(java.lang.Long)
[2018-06-04 08:32:25,246][INFO ] o.s.w.s.m.m.a.RequestMappingHandlerMapping[543] - Mapped "{[/system/resource]}" onto public void com.huhy.springboot_easyui.easyui.controller.system.ResourceController.index()
[2018-06-04 08:32:25,247][INFO ] o.s.w.s.m.m.a.RequestMappingHandlerMapping[543] - Mapped "{[/system/resource/form]}" onto public void com.huhy.springboot_easyui.easyui.controller.system.ResourceController.form(java.lang.Long,org.springframework.ui.Model)
[2018-06-04 08:32:25,247][INFO ] o.s.w.s.m.m.a.RequestMappingHandlerMapping[543] - Mapped "{[/system/resource/delete]}" onto public com.huhy.springboot_easyui.easyui.common.AjaxResult com.huhy.springboot_easyui.easyui.controller.system.ResourceController.delete(java.lang.Long)
[2018-06-04 08:32:25,247][INFO ] o.s.w.s.m.m.a.RequestMappingHandlerMapping[543] - Mapped "{[/system/resource/list]}" onto public com.huhy.springboot_easyui.easyui.common.DataGrid<com.huhy.springboot_easyui.easyui.model.domain.Resource> com.huhy.springboot_easyui.easyui.controller.system.ResourceController.list()
[2018-06-04 08:32:25,247][INFO ] o.s.w.s.m.m.a.RequestMappingHandlerMapping[543] - Mapped "{[/system/resource/save || /system/resource/update]}" onto public java.lang.Object com.huhy.springboot_easyui.easyui.controller.system.ResourceController.save(com.huhy.springboot_easyui.easyui.model.domain.Resource,org.springframework.validation.BindingResult)
[2018-06-04 08:32:25,248][INFO ] o.s.w.s.m.m.a.RequestMappingHandlerMapping[543] - Mapped "{[/system/resource/parent/tree]}" onto public java.lang.Iterable<com.huhy.springboot_easyui.easyui.model.domain.Resource> com.huhy.springboot_easyui.easyui.controller.system.ResourceController.parentTree()
[2018-06-04 08:32:25,248][INFO ] o.s.w.s.m.m.a.RequestMappingHandlerMapping[543] - Mapped "{[/system/role]}" onto public void com.huhy.springboot_easyui.easyui.controller.system.RoleController.index()
[2018-06-04 08:32:25,249][INFO ] o.s.w.s.m.m.a.RequestMappingHandlerMapping[543] - Mapped "{[/system/role/delete]}" onto public com.huhy.springboot_easyui.easyui.common.AjaxResult com.huhy.springboot_easyui.easyui.controller.system.RoleController.delete(java.lang.Long)
[2018-06-04 08:32:25,249][INFO ] o.s.w.s.m.m.a.RequestMappingHandlerMapping[543] - Mapped "{[/system/role/list]}" onto public com.huhy.springboot_easyui.easyui.common.DataGrid<com.huhy.springboot_easyui.easyui.model.domain.Role> com.huhy.springboot_easyui.easyui.controller.system.RoleController.list()
[2018-06-04 08:32:25,249][INFO ] o.s.w.s.m.m.a.RequestMappingHandlerMapping[543] - Mapped "{[/system/role/save || /system/role/update]}" onto public java.lang.Object com.huhy.springboot_easyui.easyui.controller.system.RoleController.save(com.huhy.springboot_easyui.easyui.model.domain.Role,org.springframework.validation.BindingResult)
[2018-06-04 08:32:25,249][INFO ] o.s.w.s.m.m.a.RequestMappingHandlerMapping[543] - Mapped "{[/system/role/resource/save]}" onto public com.huhy.springboot_easyui.easyui.common.AjaxResult com.huhy.springboot_easyui.easyui.controller.system.RoleController.resourceSave(java.lang.Long,java.lang.Long[])
[2018-06-04 08:32:25,250][INFO ] o.s.w.s.m.m.a.RequestMappingHandlerMapping[543] - Mapped "{[/system/role/resource/tree]}" onto public java.lang.Iterable<com.huhy.springboot_easyui.easyui.model.domain.Resource> com.huhy.springboot_easyui.easyui.controller.system.RoleController.resourceTree()
[2018-06-04 08:32:25,250][INFO ] o.s.w.s.m.m.a.RequestMappingHandlerMapping[543] - Mapped "{[/im/user/list]}" onto public com.huhy.springboot_easyui.easyui.common.AjaxResult com.huhy.springboot_easyui.easyui.controller.websocket.ImController.userList()
[2018-06-04 08:32:25,251][INFO ] o.s.w.s.m.m.a.RequestMappingHandlerMapping[543] - Mapped "{[/im/send]}" onto public void com.huhy.springboot_easyui.easyui.controller.websocket.ImController.send(java.lang.Long,java.lang.String,com.huhy.springboot_easyui.easyui.model.domain.Member)
[2018-06-04 08:32:25,252][INFO ] o.s.w.s.m.m.a.RequestMappingHandlerMapping[543] - Mapped "{[/error]}" onto public org.springframework.http.ResponseEntity<java.util.Map<java.lang.String, java.lang.Object>> org.springframework.boot.autoconfigure.web.BasicErrorController.error(javax.servlet.http.HttpServletRequest)
[2018-06-04 08:32:25,253][INFO ] o.s.w.s.m.m.a.RequestMappingHandlerMapping[543] - Mapped "{[/error],produces=[text/html]}" onto public org.springframework.web.servlet.ModelAndView org.springframework.boot.autoconfigure.web.BasicErrorController.errorHtml(javax.servlet.http.HttpServletRequest,javax.servlet.http.HttpServletResponse)
[2018-06-04 08:32:25,276][INFO ] o.s.w.s.h.SimpleUrlHandlerMapping[362] - Mapped URL path [/webjars/**] onto handler of type [class org.springframework.web.servlet.resource.ResourceHttpRequestHandler]
[2018-06-04 08:32:25,276][INFO ] o.s.w.s.h.SimpleUrlHandlerMapping[362] - Mapped URL path [/**] onto handler of type [class org.springframework.web.servlet.resource.ResourceHttpRequestHandler]
[2018-06-04 08:32:25,302][INFO ] o.s.w.s.h.SimpleUrlHandlerMapping[362] - Mapped URL path [/**/favicon.ico] onto handler of type [class org.springframework.web.servlet.resource.ResourceHttpRequestHandler]
[2018-06-04 08:32:25,446][INFO ] o.s.w.s.v.f.FreeMarkerConfigurer[127] - ClassTemplateLoader for Spring macros added to FreeMarker configuration
[2018-06-04 08:32:25,582][INFO ] o.s.b.d.a.OptionalLiveReloadServer[58] - LiveReload server is running on port 35729
[2018-06-04 08:32:25,644][INFO ] o.s.j.e.a.AnnotationMBeanExporter[431] - Registering beans for JMX exposure on startup
[2018-06-04 08:32:25,651][INFO ] o.s.c.s.DefaultLifecycleProcessor[341] - Starting beans in phase 2147483647
[2018-06-04 08:32:25,658][INFO ] o.a.c.h.Http11NioProtocol[180] - Starting ProtocolHandler ["http-nio-8080"]
[2018-06-04 08:32:25,666][INFO ] o.a.t.u.n.NioSelectorPool[180] - Using a shared selector for servlet write/read
[2018-06-04 08:32:25,677][INFO ] o.s.b.c.e.t.TomcatEmbeddedServletContainer[216] - Tomcat started on port(s): 8080 (http)
[2018-06-04 08:32:25,681][INFO ] c.h.s.SpringbootEasyuiApplication[57] - Started SpringbootEasyuiApplication in 11.18 seconds (JVM running for 11.557)
[2018-06-04 08:51:28,645][INFO ] o.a.c.c.C.[.[.[/][180] - Initializing Spring FrameworkServlet 'dispatcherServlet'
[2018-06-04 08:51:28,645][INFO ] o.s.w.s.DispatcherServlet[489] - FrameworkServlet 'dispatcherServlet': initialization started
[2018-06-04 08:51:28,660][INFO ] o.s.w.s.DispatcherServlet[508] - FrameworkServlet 'dispatcherServlet': initialization completed in 15 ms
[2018-06-04 08:51:30,688][INFO ] o.h.h.i.QueryTranslatorFactoryInitiator[47] - HHH000397: Using ASTQueryTranslatorFactory
