[2018-05-14 10:03:38,875][INFO ] c.h.s.SpringbootEasyuiApplication[48] - Starting SpringbootEasyuiApplication on PC-20180427VENM with PID 7128 (E:\IDE\workspace\workspace_self\springboot_easyui\target\classes started by Administrator in E:\IDE\workspace\workspace_self\springboot_easyui)
[2018-05-14 10:03:38,877][INFO ] c.h.s.SpringbootEasyuiApplication[593] - No active profile set, falling back to default profiles: default
[2018-05-14 10:03:39,047][INFO ] o.s.b.c.e.AnnotationConfigEmbeddedWebApplicationContext[583] - Refreshing org.springframework.boot.context.embedded.AnnotationConfigEmbeddedWebApplicationContext@3107da64: startup date [Mon May 14 10:03:39 CST 2018]; root of context hierarchy
[2018-05-14 10:03:39,366][INFO ] o.h.v.i.util.Version[30] - HV000001: Hibernate Validator 5.3.6.Final
[2018-05-14 10:03:42,836][INFO ] o.s.c.s.PostProcessorRegistrationDelegate$BeanPostProcessorChecker[327] - Bean 'org.springframework.transaction.annotation.ProxyTransactionManagementConfiguration' of type [org.springframework.transaction.annotation.ProxyTransactionManagementConfiguration$$EnhancerBySpringCGLIB$$481bf538] is not eligible for getting processed by all BeanPostProcessors (for example: not eligible for auto-proxying)
[2018-05-14 10:03:44,427][INFO ] o.s.b.c.e.t.TomcatEmbeddedServletContainer[92] - Tomcat initialized with port(s): 8080 (http)
[2018-05-14 10:03:44,468][INFO ] o.a.c.h.Http11NioProtocol[180] - Initializing ProtocolHandler ["http-nio-8080"]
[2018-05-14 10:03:44,500][INFO ] o.a.c.c.StandardService[180] - Starting service [Tomcat]
[2018-05-14 10:03:44,501][INFO ] o.a.c.c.StandardEngine[180] - Starting Servlet Engine: Apache Tomcat/8.5.31
[2018-05-14 10:03:44,954][INFO ] o.a.c.c.C.[.[.[/][180] - Initializing Spring embedded WebApplicationContext
[2018-05-14 10:03:44,955][INFO ] o.s.w.c.ContextLoader[276] - Root WebApplicationContext: initialization completed in 5908 ms
[2018-05-14 10:03:45,433][INFO ] o.s.b.w.s.ServletRegistrationBean[190] - Mapping servlet: 'dispatcherServlet' to [/]
[2018-05-14 10:03:45,447][INFO ] o.s.b.w.s.FilterRegistrationBean[258] - Mapping filter: 'characterEncodingFilter' to: [/*]
[2018-05-14 10:03:45,449][INFO ] o.s.b.w.s.FilterRegistrationBean[258] - Mapping filter: 'hiddenHttpMethodFilter' to: [/*]
[2018-05-14 10:03:45,450][INFO ] o.s.b.w.s.FilterRegistrationBean[258] - Mapping filter: 'httpPutFormContentFilter' to: [/*]
[2018-05-14 10:03:45,450][INFO ] o.s.b.w.s.FilterRegistrationBean[258] - Mapping filter: 'requestContextFilter' to: [/*]
[2018-05-14 10:03:47,156][INFO ] o.s.o.j.LocalContainerEntityManagerFactoryBean[356] - Building JPA container EntityManagerFactory for persistence unit 'default'
[2018-05-14 10:03:47,191][INFO ] o.h.j.i.u.LogHelper[31] - HHH000204: Processing PersistenceUnitInfo [
	name: default
	...]
[2018-05-14 10:03:47,416][INFO ] o.hibernate.Version[37] - HHH000412: Hibernate Core {5.0.12.Final}
[2018-05-14 10:03:47,423][INFO ] o.h.cfg.Environment[198] - HHH000205: Loaded properties from resource hibernate.properties: {hibernate.dialect=org.hibernate.dialect.MySQL5Dialect, hibernate.show_sql=true, hibernate.bytecode.use_reflection_optimizer=false, hibernate.hbm2ddl.auto=update, hibernate.format_sql=true}
[2018-05-14 10:03:47,426][INFO ] o.h.cfg.Environment[317] - HHH000021: Bytecode provider name : javassist
[2018-05-14 10:03:47,542][INFO ] o.h.a.common.Version[66] - HCANN000001: Hibernate Commons Annotations {5.0.1.Final}
[2018-05-14 10:03:48,476][INFO ] o.h.dialect.Dialect[156] - HHH000400: Using dialect: org.hibernate.dialect.MySQL5Dialect
[2018-05-14 10:03:49,831][INFO ] o.h.t.h.SchemaUpdate[105] - HHH000228: Running hbm2ddl schema update
[2018-05-14 10:03:53,235][INFO ] o.s.o.j.LocalContainerEntityManagerFactoryBean[414] - Initialized JPA EntityManagerFactory for persistence unit 'default'
[2018-05-14 10:03:54,245][INFO ] o.s.s.c.ThreadPoolTaskScheduler[165] - Initializing ExecutorService  'defaultSockJsTaskScheduler'
[2018-05-14 10:03:54,360][INFO ] o.s.w.s.s.s.WebSocketHandlerMapping[362] - Mapped URL path [/ws/server] onto handler of type [class org.springframework.web.socket.server.support.WebSocketHttpRequestHandler]
[2018-05-14 10:03:54,362][INFO ] o.s.w.s.s.s.WebSocketHandlerMapping[362] - Mapped URL path [/sockjs/server/**] onto handler of type [class org.springframework.web.socket.sockjs.support.SockJsHttpRequestHandler]
[2018-05-14 10:03:55,457][INFO ] o.s.w.s.m.m.a.RequestMappingHandlerAdapter[534] - Looking for @ControllerAdvice: org.springframework.boot.context.embedded.AnnotationConfigEmbeddedWebApplicationContext@3107da64: startup date [Mon May 14 10:03:39 CST 2018]; root of context hierarchy
[2018-05-14 10:03:55,648][INFO ] o.s.w.s.m.m.a.RequestMappingHandlerMapping[543] - Mapped "{[/]}" onto public java.lang.String com.huhy.springboot_easyui.easyui.controller.AppController.index()
[2018-05-14 10:03:55,652][INFO ] o.s.w.s.m.m.a.RequestMappingHandlerMapping[543] - Mapped "{[/reject]}" onto public java.lang.String com.huhy.springboot_easyui.easyui.controller.AppController.reject()
[2018-05-14 10:03:55,658][INFO ] o.s.w.s.m.m.a.RequestMappingHandlerMapping[543] - Mapped "{[/resource]}" onto public java.lang.String com.huhy.springboot_easyui.easyui.controller.AppController.login(javax.servlet.http.HttpSession,org.springframework.ui.Model)
[2018-05-14 10:03:55,660][INFO ] o.s.w.s.m.m.a.RequestMappingHandlerMapping[543] - Mapped "{[/login]}" onto public java.lang.String com.huhy.springboot_easyui.easyui.controller.AppController.login(javax.servlet.http.HttpSession)
[2018-05-14 10:03:55,661][INFO ] o.s.w.s.m.m.a.RequestMappingHandlerMapping[543] - Mapped "{[/logout]}" onto public java.lang.String com.huhy.springboot_easyui.easyui.controller.AppController.logout(javax.servlet.http.HttpSession)
[2018-05-14 10:03:55,662][INFO ] o.s.w.s.m.m.a.RequestMappingHandlerMapping[543] - Mapped "{[/login],methods=[POST]}" onto public java.lang.String com.huhy.springboot_easyui.easyui.controller.AppController.doLoin(java.lang.String,java.lang.String,org.springframework.web.servlet.mvc.support.RedirectAttributes,javax.servlet.http.HttpSession)
[2018-05-14 10:03:55,664][INFO ] o.s.w.s.m.m.a.RequestMappingHandlerMapping[543] - Mapped "{[/reg],methods=[GET]}" onto public java.lang.String com.huhy.springboot_easyui.easyui.controller.AppController.toReg()
[2018-05-14 10:03:55,665][INFO ] o.s.w.s.m.m.a.RequestMappingHandlerMapping[543] - Mapped "{[/reg],methods=[POST]}" onto public java.lang.String com.huhy.springboot_easyui.easyui.controller.AppController.doReg(java.lang.String,java.lang.String,java.lang.String,java.lang.String,java.lang.String,org.springframework.web.servlet.mvc.support.RedirectAttributes)
[2018-05-14 10:03:55,666][INFO ] o.s.w.s.m.m.a.RequestMappingHandlerMapping[543] - Mapped "{[/verify/code],methods=[GET]}" onto public void com.huhy.springboot_easyui.easyui.controller.AppController.verifyCode(javax.servlet.http.HttpServletResponse,javax.servlet.http.HttpSession)
[2018-05-14 10:03:55,667][INFO ] o.s.w.s.m.m.a.RequestMappingHandlerMapping[543] - Mapped "{[/desktop]}" onto public java.lang.String com.huhy.springboot_easyui.easyui.controller.AppController.desktop()
[2018-05-14 10:03:55,668][INFO ] o.s.w.s.m.m.a.RequestMappingHandlerMapping[543] - Mapped "{[/change/password]}" onto public java.lang.String com.huhy.springboot_easyui.easyui.controller.AppController.changePassword()
[2018-05-14 10:03:55,670][INFO ] o.s.w.s.m.m.a.RequestMappingHandlerMapping[543] - Mapped "{[/change/password],methods=[POST]}" onto public com.huhy.springboot_easyui.easyui.common.AjaxResult com.huhy.springboot_easyui.easyui.controller.AppController.doChangePassword(com.huhy.springboot_easyui.easyui.model.domain.Member,java.lang.String,java.lang.String,java.lang.String)
[2018-05-14 10:03:55,671][INFO ] o.s.w.s.m.m.a.RequestMappingHandlerMapping[543] - Mapped "{[/change/info]}" onto public java.lang.String com.huhy.springboot_easyui.easyui.controller.AppController.changeInfo()
[2018-05-14 10:03:55,672][INFO ] o.s.w.s.m.m.a.RequestMappingHandlerMapping[543] - Mapped "{[/change/info],methods=[POST]}" onto public com.huhy.springboot_easyui.easyui.common.AjaxResult com.huhy.springboot_easyui.easyui.controller.AppController.doChangeInfo(com.huhy.springboot_easyui.easyui.model.domain.Member,com.huhy.springboot_easyui.easyui.model.domain.Member,javax.servlet.http.HttpSession)
[2018-05-14 10:03:55,682][INFO ] o.s.w.s.m.m.a.RequestMappingHandlerMapping[543] - Mapped "{[/attachment/upload],methods=[POST]}" onto public com.huhy.springboot_easyui.easyui.common.AjaxResult com.huhy.springboot_easyui.easyui.controller.AttachmentController.upload(com.huhy.springboot_easyui.easyui.common.AttachmentType,com.huhy.springboot_easyui.easyui.model.domain.Member,org.springframework.web.multipart.MultipartFile)
[2018-05-14 10:03:55,684][INFO ] o.s.w.s.m.m.a.RequestMappingHandlerMapping[543] - Mapped "{[/attachment/**],methods=[GET]}" onto public org.springframework.http.ResponseEntity<org.springframework.core.io.Resource> com.huhy.springboot_easyui.easyui.controller.AttachmentController.loadFile(javax.servlet.http.HttpServletRequest)
[2018-05-14 10:03:55,691][INFO ] o.s.w.s.m.m.a.RequestMappingHandlerMapping[543] - Mapped "{[/system/member]}" onto public void com.huhy.springboot_easyui.easyui.controller.system.MemberController.index()
[2018-05-14 10:03:55,693][INFO ] o.s.w.s.m.m.a.RequestMappingHandlerMapping[543] - Mapped "{[/system/member/form]}" onto public void com.huhy.springboot_easyui.easyui.controller.system.MemberController.form(java.lang.Long,org.springframework.ui.Model)
[2018-05-14 10:03:55,694][INFO ] o.s.w.s.m.m.a.RequestMappingHandlerMapping[543] - Mapped "{[/system/member/delete]}" onto public com.huhy.springboot_easyui.easyui.common.AjaxResult com.huhy.springboot_easyui.easyui.controller.system.MemberController.delete(java.lang.Long)
[2018-05-14 10:03:55,696][INFO ] o.s.w.s.m.m.a.RequestMappingHandlerMapping[543] - Mapped "{[/system/member/check]}" onto public boolean com.huhy.springboot_easyui.easyui.controller.system.MemberController.check(java.lang.String)
[2018-05-14 10:03:55,697][INFO ] o.s.w.s.m.m.a.RequestMappingHandlerMapping[543] - Mapped "{[/system/member/list]}" onto public com.huhy.springboot_easyui.easyui.common.DataGrid<com.huhy.springboot_easyui.easyui.model.domain.Member> com.huhy.springboot_easyui.easyui.controller.system.MemberController.list(int,int,java.lang.String,java.lang.String,java.lang.String)
[2018-05-14 10:03:55,698][INFO ] o.s.w.s.m.m.a.RequestMappingHandlerMapping[543] - Mapped "{[/system/member/save || /system/member/update]}" onto public com.huhy.springboot_easyui.easyui.common.AjaxResult com.huhy.springboot_easyui.easyui.controller.system.MemberController.save(com.huhy.springboot_easyui.easyui.model.domain.Member,java.lang.Long[],org.springframework.validation.BindingResult)
[2018-05-14 10:03:55,700][INFO ] o.s.w.s.m.m.a.RequestMappingHandlerMapping[543] - Mapped "{[/system/member/roles]}" onto public java.util.List<com.huhy.springboot_easyui.easyui.model.domain.Role> com.huhy.springboot_easyui.easyui.controller.system.MemberController.roles()
[2018-05-14 10:03:55,701][INFO ] o.s.w.s.m.m.a.RequestMappingHandlerMapping[543] - Mapped "{[/system/member/password/reset]}" onto public com.huhy.springboot_easyui.easyui.common.AjaxResult com.huhy.springboot_easyui.easyui.controller.system.MemberController.resetPassword(java.lang.Long)
[2018-05-14 10:03:55,705][INFO ] o.s.w.s.m.m.a.RequestMappingHandlerMapping[543] - Mapped "{[/system/resource]}" onto public void com.huhy.springboot_easyui.easyui.controller.system.ResourceController.index()
[2018-05-14 10:03:55,706][INFO ] o.s.w.s.m.m.a.RequestMappingHandlerMapping[543] - Mapped "{[/system/resource/form]}" onto public void com.huhy.springboot_easyui.easyui.controller.system.ResourceController.form(java.lang.Long,org.springframework.ui.Model)
[2018-05-14 10:03:55,707][INFO ] o.s.w.s.m.m.a.RequestMappingHandlerMapping[543] - Mapped "{[/system/resource/delete]}" onto public com.huhy.springboot_easyui.easyui.common.AjaxResult com.huhy.springboot_easyui.easyui.controller.system.ResourceController.delete(java.lang.Long)
[2018-05-14 10:03:55,709][INFO ] o.s.w.s.m.m.a.RequestMappingHandlerMapping[543] - Mapped "{[/system/resource/list]}" onto public com.huhy.springboot_easyui.easyui.common.DataGrid<com.huhy.springboot_easyui.easyui.model.domain.Resource> com.huhy.springboot_easyui.easyui.controller.system.ResourceController.list()
[2018-05-14 10:03:55,710][INFO ] o.s.w.s.m.m.a.RequestMappingHandlerMapping[543] - Mapped "{[/system/resource/save || /system/resource/update]}" onto public java.lang.Object com.huhy.springboot_easyui.easyui.controller.system.ResourceController.save(com.huhy.springboot_easyui.easyui.model.domain.Resource,org.springframework.validation.BindingResult)
[2018-05-14 10:03:55,711][INFO ] o.s.w.s.m.m.a.RequestMappingHandlerMapping[543] - Mapped "{[/system/resource/parent/tree]}" onto public java.lang.Iterable<com.huhy.springboot_easyui.easyui.model.domain.Resource> com.huhy.springboot_easyui.easyui.controller.system.ResourceController.parentTree()
[2018-05-14 10:03:55,715][INFO ] o.s.w.s.m.m.a.RequestMappingHandlerMapping[543] - Mapped "{[/system/role]}" onto public void com.huhy.springboot_easyui.easyui.controller.system.RoleController.index()
[2018-05-14 10:03:55,716][INFO ] o.s.w.s.m.m.a.RequestMappingHandlerMapping[543] - Mapped "{[/system/role/delete]}" onto public com.huhy.springboot_easyui.easyui.common.AjaxResult com.huhy.springboot_easyui.easyui.controller.system.RoleController.delete(java.lang.Long)
[2018-05-14 10:03:55,717][INFO ] o.s.w.s.m.m.a.RequestMappingHandlerMapping[543] - Mapped "{[/system/role/list]}" onto public com.huhy.springboot_easyui.easyui.common.DataGrid<com.huhy.springboot_easyui.easyui.model.domain.Role> com.huhy.springboot_easyui.easyui.controller.system.RoleController.list()
[2018-05-14 10:03:55,719][INFO ] o.s.w.s.m.m.a.RequestMappingHandlerMapping[543] - Mapped "{[/system/role/save || /system/role/update]}" onto public java.lang.Object com.huhy.springboot_easyui.easyui.controller.system.RoleController.save(com.huhy.springboot_easyui.easyui.model.domain.Role,org.springframework.validation.BindingResult)
[2018-05-14 10:03:55,720][INFO ] o.s.w.s.m.m.a.RequestMappingHandlerMapping[543] - Mapped "{[/system/role/resource/save]}" onto public com.huhy.springboot_easyui.easyui.common.AjaxResult com.huhy.springboot_easyui.easyui.controller.system.RoleController.resourceSave(java.lang.Long,java.lang.Long[])
[2018-05-14 10:03:55,722][INFO ] o.s.w.s.m.m.a.RequestMappingHandlerMapping[543] - Mapped "{[/system/role/resource/tree]}" onto public java.lang.Iterable<com.huhy.springboot_easyui.easyui.model.domain.Resource> com.huhy.springboot_easyui.easyui.controller.system.RoleController.resourceTree()
[2018-05-14 10:03:55,724][INFO ] o.s.w.s.m.m.a.RequestMappingHandlerMapping[543] - Mapped "{[/im/user/list]}" onto public com.huhy.springboot_easyui.easyui.common.AjaxResult com.huhy.springboot_easyui.easyui.controller.websocket.ImController.userList()
[2018-05-14 10:03:55,725][INFO ] o.s.w.s.m.m.a.RequestMappingHandlerMapping[543] - Mapped "{[/im/send]}" onto public void com.huhy.springboot_easyui.easyui.controller.websocket.ImController.send(java.lang.Long,java.lang.String,com.huhy.springboot_easyui.easyui.model.domain.Member)
[2018-05-14 10:03:55,730][INFO ] o.s.w.s.m.m.a.RequestMappingHandlerMapping[543] - Mapped "{[/error]}" onto public org.springframework.http.ResponseEntity<java.util.Map<java.lang.String, java.lang.Object>> org.springframework.boot.autoconfigure.web.BasicErrorController.error(javax.servlet.http.HttpServletRequest)
[2018-05-14 10:03:55,732][INFO ] o.s.w.s.m.m.a.RequestMappingHandlerMapping[543] - Mapped "{[/error],produces=[text/html]}" onto public org.springframework.web.servlet.ModelAndView org.springframework.boot.autoconfigure.web.BasicErrorController.errorHtml(javax.servlet.http.HttpServletRequest,javax.servlet.http.HttpServletResponse)
[2018-05-14 10:03:55,824][INFO ] o.s.w.s.h.SimpleUrlHandlerMapping[362] - Mapped URL path [/webjars/**] onto handler of type [class org.springframework.web.servlet.resource.ResourceHttpRequestHandler]
[2018-05-14 10:03:55,826][INFO ] o.s.w.s.h.SimpleUrlHandlerMapping[362] - Mapped URL path [/**] onto handler of type [class org.springframework.web.servlet.resource.ResourceHttpRequestHandler]
[2018-05-14 10:03:55,948][INFO ] o.s.w.s.h.SimpleUrlHandlerMapping[362] - Mapped URL path [/**/favicon.ico] onto handler of type [class org.springframework.web.servlet.resource.ResourceHttpRequestHandler]
[2018-05-14 10:03:56,523][INFO ] o.s.w.s.v.f.FreeMarkerConfigurer[127] - ClassTemplateLoader for Spring macros added to FreeMarker configuration
[2018-05-14 10:03:57,944][INFO ] o.s.b.d.a.OptionalLiveReloadServer[58] - LiveReload server is running on port 35729
[2018-05-14 10:03:58,104][INFO ] o.s.j.e.a.AnnotationMBeanExporter[431] - Registering beans for JMX exposure on startup
[2018-05-14 10:03:58,127][INFO ] o.s.c.s.DefaultLifecycleProcessor[341] - Starting beans in phase 2147483647
[2018-05-14 10:03:58,151][INFO ] o.a.c.h.Http11NioProtocol[180] - Starting ProtocolHandler ["http-nio-8080"]
[2018-05-14 10:03:58,190][INFO ] o.a.t.u.n.NioSelectorPool[180] - Using a shared selector for servlet write/read
[2018-05-14 10:03:58,233][INFO ] o.s.b.c.e.t.TomcatEmbeddedServletContainer[216] - Tomcat started on port(s): 8080 (http)
[2018-05-14 10:03:58,247][INFO ] c.h.s.SpringbootEasyuiApplication[57] - Started SpringbootEasyuiApplication in 20.064 seconds (JVM running for 21.189)
[2018-05-14 10:04:10,801][INFO ] o.a.c.c.C.[.[.[/][180] - Initializing Spring FrameworkServlet 'dispatcherServlet'
[2018-05-14 10:04:10,802][INFO ] o.s.w.s.DispatcherServlet[489] - FrameworkServlet 'dispatcherServlet': initialization started
[2018-05-14 10:04:10,851][INFO ] o.s.w.s.DispatcherServlet[508] - FrameworkServlet 'dispatcherServlet': initialization completed in 49 ms
[2018-05-14 10:04:17,767][INFO ] o.h.h.i.QueryTranslatorFactoryInitiator[47] - HHH000397: Using ASTQueryTranslatorFactory
[2018-05-14 10:04:42,135][ERROR] c.h.s.e.s.AttachmentService[86] - 上传文件存储失败！
org.springframework.beans.factory.NoSuchBeanDefinitionException: No bean named 'transactionManager' available: No matching PlatformTransactionManager bean found for qualifier 'transactionManager' - neither qualifier match nor bean name match!
	at org.springframework.beans.factory.annotation.BeanFactoryAnnotationUtils.qualifiedBeanOfType(BeanFactoryAnnotationUtils.java:107)
	at org.springframework.beans.factory.annotation.BeanFactoryAnnotationUtils.qualifiedBeanOfType(BeanFactoryAnnotationUtils.java:66)
	at org.springframework.transaction.interceptor.TransactionAspectSupport.determineQualifiedTransactionManager(TransactionAspectSupport.java:396)
	at org.springframework.transaction.interceptor.TransactionAspectSupport.determineTransactionManager(TransactionAspectSupport.java:377)
	at org.springframework.transaction.interceptor.TransactionAspectSupport.invokeWithinTransaction(TransactionAspectSupport.java:272)
	at org.springframework.transaction.interceptor.TransactionInterceptor.invoke(TransactionInterceptor.java:96)
	at org.springframework.aop.framework.ReflectiveMethodInvocation.proceed(ReflectiveMethodInvocation.java:179)
	at org.springframework.dao.support.PersistenceExceptionTranslationInterceptor.invoke(PersistenceExceptionTranslationInterceptor.java:136)
	at org.springframework.aop.framework.ReflectiveMethodInvocation.proceed(ReflectiveMethodInvocation.java:179)
	at org.springframework.data.jpa.repository.support.CrudMethodMetadataPostProcessor$CrudMethodMetadataPopulatingMethodInterceptor.invoke(CrudMethodMetadataPostProcessor.java:133)
	at org.springframework.aop.framework.ReflectiveMethodInvocation.proceed(ReflectiveMethodInvocation.java:179)
	at org.springframework.aop.interceptor.ExposeInvocationInterceptor.invoke(ExposeInvocationInterceptor.java:92)
	at org.springframework.aop.framework.ReflectiveMethodInvocation.proceed(ReflectiveMethodInvocation.java:179)
	at org.springframework.data.repository.core.support.SurroundingTransactionDetectorMethodInterceptor.invoke(SurroundingTransactionDetectorMethodInterceptor.java:57)
	at org.springframework.aop.framework.ReflectiveMethodInvocation.proceed(ReflectiveMethodInvocation.java:179)
	at org.springframework.aop.framework.JdkDynamicAopProxy.invoke(JdkDynamicAopProxy.java:213)
	at com.sun.proxy.$Proxy107.save(Unknown Source)
	at com.huhy.springboot_easyui.easyui.service.AttachmentService.saveFile(AttachmentService.java:83)
	at com.huhy.springboot_easyui.easyui.service.AttachmentService$$FastClassBySpringCGLIB$$fcfd11dc.invoke(<generated>)
	at org.springframework.cglib.proxy.MethodProxy.invoke(MethodProxy.java:204)
	at org.springframework.aop.framework.CglibAopProxy$CglibMethodInvocation.invokeJoinpoint(CglibAopProxy.java:736)
	at org.springframework.aop.framework.ReflectiveMethodInvocation.proceed(ReflectiveMethodInvocation.java:157)
	at org.springframework.transaction.interceptor.TransactionInterceptor$1.proceedWithInvocation(TransactionInterceptor.java:99)
	at org.springframework.transaction.interceptor.TransactionAspectSupport.invokeWithinTransaction(TransactionAspectSupport.java:282)
	at org.springframework.transaction.interceptor.TransactionInterceptor.invoke(TransactionInterceptor.java:96)
	at org.springframework.aop.framework.ReflectiveMethodInvocation.proceed(ReflectiveMethodInvocation.java:179)
	at org.springframework.aop.framework.CglibAopProxy$DynamicAdvisedInterceptor.intercept(CglibAopProxy.java:671)
	at com.huhy.springboot_easyui.easyui.service.AttachmentService$$EnhancerBySpringCGLIB$$27bc3dc9.saveFile(<generated>)
	at com.huhy.springboot_easyui.easyui.controller.AttachmentController.upload(AttachmentController.java:54)
	at sun.reflect.NativeMethodAccessorImpl.invoke0(Native Method)
	at sun.reflect.NativeMethodAccessorImpl.invoke(NativeMethodAccessorImpl.java:62)
	at sun.reflect.DelegatingMethodAccessorImpl.invoke(DelegatingMethodAccessorImpl.java:43)
	at java.lang.reflect.Method.invoke(Method.java:498)
	at org.springframework.web.method.support.InvocableHandlerMethod.doInvoke(InvocableHandlerMethod.java:205)
	at org.springframework.web.method.support.InvocableHandlerMethod.invokeForRequest(InvocableHandlerMethod.java:133)
	at org.springframework.web.servlet.mvc.method.annotation.ServletInvocableHandlerMethod.invokeAndHandle(ServletInvocableHandlerMethod.java:97)
	at org.springframework.web.servlet.mvc.method.annotation.RequestMappingHandlerAdapter.invokeHandlerMethod(RequestMappingHandlerAdapter.java:827)
	at org.springframework.web.servlet.mvc.method.annotation.RequestMappingHandlerAdapter.handleInternal(RequestMappingHandlerAdapter.java:738)
	at org.springframework.web.servlet.mvc.method.AbstractHandlerMethodAdapter.handle(AbstractHandlerMethodAdapter.java:85)
	at org.springframework.web.servlet.DispatcherServlet.doDispatch(DispatcherServlet.java:967)
	at org.springframework.web.servlet.DispatcherServlet.doService(DispatcherServlet.java:901)
	at org.springframework.web.servlet.FrameworkServlet.processRequest(FrameworkServlet.java:970)
	at org.springframework.web.servlet.FrameworkServlet.doPost(FrameworkServlet.java:872)
	at javax.servlet.http.HttpServlet.service(HttpServlet.java:661)
	at org.springframework.web.servlet.FrameworkServlet.service(FrameworkServlet.java:846)
	at javax.servlet.http.HttpServlet.service(HttpServlet.java:742)
	at org.apache.catalina.core.ApplicationFilterChain.internalDoFilter(ApplicationFilterChain.java:231)
	at org.apache.catalina.core.ApplicationFilterChain.doFilter(ApplicationFilterChain.java:166)
	at org.apache.tomcat.websocket.server.WsFilter.doFilter(WsFilter.java:52)
	at org.apache.catalina.core.ApplicationFilterChain.internalDoFilter(ApplicationFilterChain.java:193)
	at org.apache.catalina.core.ApplicationFilterChain.doFilter(ApplicationFilterChain.java:166)
	at org.springframework.web.filter.RequestContextFilter.doFilterInternal(RequestContextFilter.java:99)
	at org.springframework.web.filter.OncePerRequestFilter.doFilter(OncePerRequestFilter.java:107)
	at org.apache.catalina.core.ApplicationFilterChain.internalDoFilter(ApplicationFilterChain.java:193)
	at org.apache.catalina.core.ApplicationFilterChain.doFilter(ApplicationFilterChain.java:166)
	at org.springframework.web.filter.HttpPutFormContentFilter.doFilterInternal(HttpPutFormContentFilter.java:109)
	at org.springframework.web.filter.OncePerRequestFilter.doFilter(OncePerRequestFilter.java:107)
	at org.apache.catalina.core.ApplicationFilterChain.internalDoFilter(ApplicationFilterChain.java:193)
	at org.apache.catalina.core.ApplicationFilterChain.doFilter(ApplicationFilterChain.java:166)
	at org.springframework.web.filter.HiddenHttpMethodFilter.doFilterInternal(HiddenHttpMethodFilter.java:81)
	at org.springframework.web.filter.OncePerRequestFilter.doFilter(OncePerRequestFilter.java:107)
	at org.apache.catalina.core.ApplicationFilterChain.internalDoFilter(ApplicationFilterChain.java:193)
	at org.apache.catalina.core.ApplicationFilterChain.doFilter(ApplicationFilterChain.java:166)
	at org.springframework.web.filter.CharacterEncodingFilter.doFilterInternal(CharacterEncodingFilter.java:197)
	at org.springframework.web.filter.OncePerRequestFilter.doFilter(OncePerRequestFilter.java:107)
	at org.apache.catalina.core.ApplicationFilterChain.internalDoFilter(ApplicationFilterChain.java:193)
	at org.apache.catalina.core.ApplicationFilterChain.doFilter(ApplicationFilterChain.java:166)
	at org.apache.catalina.core.StandardWrapperValve.invoke(StandardWrapperValve.java:198)
	at org.apache.catalina.core.StandardContextValve.invoke(StandardContextValve.java:96)
	at org.apache.catalina.authenticator.AuthenticatorBase.invoke(AuthenticatorBase.java:496)
	at org.apache.catalina.core.StandardHostValve.invoke(StandardHostValve.java:140)
	at org.apache.catalina.valves.ErrorReportValve.invoke(ErrorReportValve.java:81)
	at org.apache.catalina.core.StandardEngineValve.invoke(StandardEngineValve.java:87)
	at org.apache.catalina.connector.CoyoteAdapter.service(CoyoteAdapter.java:342)
	at org.apache.coyote.http11.Http11Processor.service(Http11Processor.java:803)
	at org.apache.coyote.AbstractProcessorLight.process(AbstractProcessorLight.java:66)
	at org.apache.coyote.AbstractProtocol$ConnectionHandler.process(AbstractProtocol.java:790)
	at org.apache.tomcat.util.net.NioEndpoint$SocketProcessor.doRun(NioEndpoint.java:1468)
	at org.apache.tomcat.util.net.SocketProcessorBase.run(SocketProcessorBase.java:49)
	at java.util.concurrent.ThreadPoolExecutor.runWorker(ThreadPoolExecutor.java:1149)
	at java.util.concurrent.ThreadPoolExecutor$Worker.run(ThreadPoolExecutor.java:624)
	at org.apache.tomcat.util.threads.TaskThread$WrappingRunnable.run(TaskThread.java:61)
	at java.lang.Thread.run(Thread.java:748)
[2018-05-14 10:05:53,102][ERROR] c.h.s.e.s.AttachmentService[86] - 上传文件存储失败！
org.springframework.beans.factory.NoSuchBeanDefinitionException: No bean named 'transactionManager' available: No matching PlatformTransactionManager bean found for qualifier 'transactionManager' - neither qualifier match nor bean name match!
	at org.springframework.beans.factory.annotation.BeanFactoryAnnotationUtils.qualifiedBeanOfType(BeanFactoryAnnotationUtils.java:107)
	at org.springframework.beans.factory.annotation.BeanFactoryAnnotationUtils.qualifiedBeanOfType(BeanFactoryAnnotationUtils.java:66)
	at org.springframework.transaction.interceptor.TransactionAspectSupport.determineQualifiedTransactionManager(TransactionAspectSupport.java:396)
	at org.springframework.transaction.interceptor.TransactionAspectSupport.determineTransactionManager(TransactionAspectSupport.java:377)
	at org.springframework.transaction.interceptor.TransactionAspectSupport.invokeWithinTransaction(TransactionAspectSupport.java:272)
	at org.springframework.transaction.interceptor.TransactionInterceptor.invoke(TransactionInterceptor.java:96)
	at org.springframework.aop.framework.ReflectiveMethodInvocation.proceed(ReflectiveMethodInvocation.java:179)
	at org.springframework.dao.support.PersistenceExceptionTranslationInterceptor.invoke(PersistenceExceptionTranslationInterceptor.java:136)
	at org.springframework.aop.framework.ReflectiveMethodInvocation.proceed(ReflectiveMethodInvocation.java:179)
	at org.springframework.data.jpa.repository.support.CrudMethodMetadataPostProcessor$CrudMethodMetadataPopulatingMethodInterceptor.invoke(CrudMethodMetadataPostProcessor.java:133)
	at org.springframework.aop.framework.ReflectiveMethodInvocation.proceed(ReflectiveMethodInvocation.java:179)
	at org.springframework.aop.interceptor.ExposeInvocationInterceptor.invoke(ExposeInvocationInterceptor.java:92)
	at org.springframework.aop.framework.ReflectiveMethodInvocation.proceed(ReflectiveMethodInvocation.java:179)
	at org.springframework.data.repository.core.support.SurroundingTransactionDetectorMethodInterceptor.invoke(SurroundingTransactionDetectorMethodInterceptor.java:57)
	at org.springframework.aop.framework.ReflectiveMethodInvocation.proceed(ReflectiveMethodInvocation.java:179)
	at org.springframework.aop.framework.JdkDynamicAopProxy.invoke(JdkDynamicAopProxy.java:213)
	at com.sun.proxy.$Proxy107.save(Unknown Source)
	at com.huhy.springboot_easyui.easyui.service.AttachmentService.saveFile(AttachmentService.java:83)
	at com.huhy.springboot_easyui.easyui.service.AttachmentService$$FastClassBySpringCGLIB$$fcfd11dc.invoke(<generated>)
	at org.springframework.cglib.proxy.MethodProxy.invoke(MethodProxy.java:204)
	at org.springframework.aop.framework.CglibAopProxy$CglibMethodInvocation.invokeJoinpoint(CglibAopProxy.java:736)
	at org.springframework.aop.framework.ReflectiveMethodInvocation.proceed(ReflectiveMethodInvocation.java:157)
	at org.springframework.transaction.interceptor.TransactionInterceptor$1.proceedWithInvocation(TransactionInterceptor.java:99)
	at org.springframework.transaction.interceptor.TransactionAspectSupport.invokeWithinTransaction(TransactionAspectSupport.java:282)
	at org.springframework.transaction.interceptor.TransactionInterceptor.invoke(TransactionInterceptor.java:96)
	at org.springframework.aop.framework.ReflectiveMethodInvocation.proceed(ReflectiveMethodInvocation.java:179)
	at org.springframework.aop.framework.CglibAopProxy$DynamicAdvisedInterceptor.intercept(CglibAopProxy.java:671)
	at com.huhy.springboot_easyui.easyui.service.AttachmentService$$EnhancerBySpringCGLIB$$27bc3dc9.saveFile(<generated>)
	at com.huhy.springboot_easyui.easyui.controller.AttachmentController.upload(AttachmentController.java:54)
	at sun.reflect.NativeMethodAccessorImpl.invoke0(Native Method)
	at sun.reflect.NativeMethodAccessorImpl.invoke(NativeMethodAccessorImpl.java:62)
	at sun.reflect.DelegatingMethodAccessorImpl.invoke(DelegatingMethodAccessorImpl.java:43)
	at java.lang.reflect.Method.invoke(Method.java:498)
	at org.springframework.web.method.support.InvocableHandlerMethod.doInvoke(InvocableHandlerMethod.java:205)
	at org.springframework.web.method.support.InvocableHandlerMethod.invokeForRequest(InvocableHandlerMethod.java:133)
	at org.springframework.web.servlet.mvc.method.annotation.ServletInvocableHandlerMethod.invokeAndHandle(ServletInvocableHandlerMethod.java:97)
	at org.springframework.web.servlet.mvc.method.annotation.RequestMappingHandlerAdapter.invokeHandlerMethod(RequestMappingHandlerAdapter.java:827)
	at org.springframework.web.servlet.mvc.method.annotation.RequestMappingHandlerAdapter.handleInternal(RequestMappingHandlerAdapter.java:738)
	at org.springframework.web.servlet.mvc.method.AbstractHandlerMethodAdapter.handle(AbstractHandlerMethodAdapter.java:85)
	at org.springframework.web.servlet.DispatcherServlet.doDispatch(DispatcherServlet.java:967)
	at org.springframework.web.servlet.DispatcherServlet.doService(DispatcherServlet.java:901)
	at org.springframework.web.servlet.FrameworkServlet.processRequest(FrameworkServlet.java:970)
	at org.springframework.web.servlet.FrameworkServlet.doPost(FrameworkServlet.java:872)
	at javax.servlet.http.HttpServlet.service(HttpServlet.java:661)
	at org.springframework.web.servlet.FrameworkServlet.service(FrameworkServlet.java:846)
	at javax.servlet.http.HttpServlet.service(HttpServlet.java:742)
	at org.apache.catalina.core.ApplicationFilterChain.internalDoFilter(ApplicationFilterChain.java:231)
	at org.apache.catalina.core.ApplicationFilterChain.doFilter(ApplicationFilterChain.java:166)
	at org.apache.tomcat.websocket.server.WsFilter.doFilter(WsFilter.java:52)
	at org.apache.catalina.core.ApplicationFilterChain.internalDoFilter(ApplicationFilterChain.java:193)
	at org.apache.catalina.core.ApplicationFilterChain.doFilter(ApplicationFilterChain.java:166)
	at org.springframework.web.filter.RequestContextFilter.doFilterInternal(RequestContextFilter.java:99)
	at org.springframework.web.filter.OncePerRequestFilter.doFilter(OncePerRequestFilter.java:107)
	at org.apache.catalina.core.ApplicationFilterChain.internalDoFilter(ApplicationFilterChain.java:193)
	at org.apache.catalina.core.ApplicationFilterChain.doFilter(ApplicationFilterChain.java:166)
	at org.springframework.web.filter.HttpPutFormContentFilter.doFilterInternal(HttpPutFormContentFilter.java:109)
	at org.springframework.web.filter.OncePerRequestFilter.doFilter(OncePerRequestFilter.java:107)
	at org.apache.catalina.core.ApplicationFilterChain.internalDoFilter(ApplicationFilterChain.java:193)
	at org.apache.catalina.core.ApplicationFilterChain.doFilter(ApplicationFilterChain.java:166)
	at org.springframework.web.filter.HiddenHttpMethodFilter.doFilterInternal(HiddenHttpMethodFilter.java:81)
	at org.springframework.web.filter.OncePerRequestFilter.doFilter(OncePerRequestFilter.java:107)
	at org.apache.catalina.core.ApplicationFilterChain.internalDoFilter(ApplicationFilterChain.java:193)
	at org.apache.catalina.core.ApplicationFilterChain.doFilter(ApplicationFilterChain.java:166)
	at org.springframework.web.filter.CharacterEncodingFilter.doFilterInternal(CharacterEncodingFilter.java:197)
	at org.springframework.web.filter.OncePerRequestFilter.doFilter(OncePerRequestFilter.java:107)
	at org.apache.catalina.core.ApplicationFilterChain.internalDoFilter(ApplicationFilterChain.java:193)
	at org.apache.catalina.core.ApplicationFilterChain.doFilter(ApplicationFilterChain.java:166)
	at org.apache.catalina.core.StandardWrapperValve.invoke(StandardWrapperValve.java:198)
	at org.apache.catalina.core.StandardContextValve.invoke(StandardContextValve.java:96)
	at org.apache.catalina.authenticator.AuthenticatorBase.invoke(AuthenticatorBase.java:496)
	at org.apache.catalina.core.StandardHostValve.invoke(StandardHostValve.java:140)
	at org.apache.catalina.valves.ErrorReportValve.invoke(ErrorReportValve.java:81)
	at org.apache.catalina.core.StandardEngineValve.invoke(StandardEngineValve.java:87)
	at org.apache.catalina.connector.CoyoteAdapter.service(CoyoteAdapter.java:342)
	at org.apache.coyote.http11.Http11Processor.service(Http11Processor.java:803)
	at org.apache.coyote.AbstractProcessorLight.process(AbstractProcessorLight.java:66)
	at org.apache.coyote.AbstractProtocol$ConnectionHandler.process(AbstractProtocol.java:790)
	at org.apache.tomcat.util.net.NioEndpoint$SocketProcessor.doRun(NioEndpoint.java:1468)
	at org.apache.tomcat.util.net.SocketProcessorBase.run(SocketProcessorBase.java:49)
	at java.util.concurrent.ThreadPoolExecutor.runWorker(ThreadPoolExecutor.java:1149)
	at java.util.concurrent.ThreadPoolExecutor$Worker.run(ThreadPoolExecutor.java:624)
	at org.apache.tomcat.util.threads.TaskThread$WrappingRunnable.run(TaskThread.java:61)
	at java.lang.Thread.run(Thread.java:748)
[2018-05-14 10:05:55,468][ERROR] o.a.c.c.C.[.[.[.[dispatcherServlet][182] - Servlet.service() for servlet [dispatcherServlet] in context with path [] threw exception [Request processing failed; nested exception is org.springframework.beans.factory.NoSuchBeanDefinitionException: No bean named 'transactionManager' available: No matching PlatformTransactionManager bean found for qualifier 'transactionManager' - neither qualifier match nor bean name match!] with root cause
org.springframework.beans.factory.NoSuchBeanDefinitionException: No bean named 'transactionManager' available: No matching PlatformTransactionManager bean found for qualifier 'transactionManager' - neither qualifier match nor bean name match!
	at org.springframework.beans.factory.annotation.BeanFactoryAnnotationUtils.qualifiedBeanOfType(BeanFactoryAnnotationUtils.java:107)
	at org.springframework.beans.factory.annotation.BeanFactoryAnnotationUtils.qualifiedBeanOfType(BeanFactoryAnnotationUtils.java:66)
	at org.springframework.transaction.interceptor.TransactionAspectSupport.determineQualifiedTransactionManager(TransactionAspectSupport.java:396)
	at org.springframework.transaction.interceptor.TransactionAspectSupport.determineTransactionManager(TransactionAspectSupport.java:377)
	at org.springframework.transaction.interceptor.TransactionAspectSupport.invokeWithinTransaction(TransactionAspectSupport.java:272)
	at org.springframework.transaction.interceptor.TransactionInterceptor.invoke(TransactionInterceptor.java:96)
	at org.springframework.aop.framework.ReflectiveMethodInvocation.proceed(ReflectiveMethodInvocation.java:179)
	at org.springframework.dao.support.PersistenceExceptionTranslationInterceptor.invoke(PersistenceExceptionTranslationInterceptor.java:136)
	at org.springframework.aop.framework.ReflectiveMethodInvocation.proceed(ReflectiveMethodInvocation.java:179)
	at org.springframework.data.jpa.repository.support.CrudMethodMetadataPostProcessor$CrudMethodMetadataPopulatingMethodInterceptor.invoke(CrudMethodMetadataPostProcessor.java:133)
	at org.springframework.aop.framework.ReflectiveMethodInvocation.proceed(ReflectiveMethodInvocation.java:179)
	at org.springframework.aop.interceptor.ExposeInvocationInterceptor.invoke(ExposeInvocationInterceptor.java:92)
	at org.springframework.aop.framework.ReflectiveMethodInvocation.proceed(ReflectiveMethodInvocation.java:179)
	at org.springframework.data.repository.core.support.SurroundingTransactionDetectorMethodInterceptor.invoke(SurroundingTransactionDetectorMethodInterceptor.java:57)
	at org.springframework.aop.framework.ReflectiveMethodInvocation.proceed(ReflectiveMethodInvocation.java:179)
	at org.springframework.aop.framework.JdkDynamicAopProxy.invoke(JdkDynamicAopProxy.java:213)
	at com.sun.proxy.$Proxy103.save(Unknown Source)
	at com.huhy.springboot_easyui.easyui.controller.AppController.doChangeInfo(AppController.java:335)
	at com.huhy.springboot_easyui.easyui.controller.AppController$$FastClassBySpringCGLIB$$2e4d2468.invoke(<generated>)
	at org.springframework.cglib.proxy.MethodProxy.invoke(MethodProxy.java:204)
	at org.springframework.aop.framework.CglibAopProxy$CglibMethodInvocation.invokeJoinpoint(CglibAopProxy.java:736)
	at org.springframework.aop.framework.ReflectiveMethodInvocation.proceed(ReflectiveMethodInvocation.java:157)
	at org.springframework.transaction.interceptor.TransactionInterceptor$1.proceedWithInvocation(TransactionInterceptor.java:99)
	at org.springframework.transaction.interceptor.TransactionAspectSupport.invokeWithinTransaction(TransactionAspectSupport.java:282)
	at org.springframework.transaction.interceptor.TransactionInterceptor.invoke(TransactionInterceptor.java:96)
	at org.springframework.aop.framework.ReflectiveMethodInvocation.proceed(ReflectiveMethodInvocation.java:179)
	at org.springframework.aop.framework.CglibAopProxy$DynamicAdvisedInterceptor.intercept(CglibAopProxy.java:671)
	at com.huhy.springboot_easyui.easyui.controller.AppController$$EnhancerBySpringCGLIB$$b6566ced.doChangeInfo(<generated>)
	at sun.reflect.NativeMethodAccessorImpl.invoke0(Native Method)
	at sun.reflect.NativeMethodAccessorImpl.invoke(NativeMethodAccessorImpl.java:62)
	at sun.reflect.DelegatingMethodAccessorImpl.invoke(DelegatingMethodAccessorImpl.java:43)
	at java.lang.reflect.Method.invoke(Method.java:498)
	at org.springframework.web.method.support.InvocableHandlerMethod.doInvoke(InvocableHandlerMethod.java:205)
	at org.springframework.web.method.support.InvocableHandlerMethod.invokeForRequest(InvocableHandlerMethod.java:133)
	at org.springframework.web.servlet.mvc.method.annotation.ServletInvocableHandlerMethod.invokeAndHandle(ServletInvocableHandlerMethod.java:97)
	at org.springframework.web.servlet.mvc.method.annotation.RequestMappingHandlerAdapter.invokeHandlerMethod(RequestMappingHandlerAdapter.java:827)
	at org.springframework.web.servlet.mvc.method.annotation.RequestMappingHandlerAdapter.handleInternal(RequestMappingHandlerAdapter.java:738)
	at org.springframework.web.servlet.mvc.method.AbstractHandlerMethodAdapter.handle(AbstractHandlerMethodAdapter.java:85)
	at org.springframework.web.servlet.DispatcherServlet.doDispatch(DispatcherServlet.java:967)
	at org.springframework.web.servlet.DispatcherServlet.doService(DispatcherServlet.java:901)
	at org.springframework.web.servlet.FrameworkServlet.processRequest(FrameworkServlet.java:970)
	at org.springframework.web.servlet.FrameworkServlet.doPost(FrameworkServlet.java:872)
	at javax.servlet.http.HttpServlet.service(HttpServlet.java:661)
	at org.springframework.web.servlet.FrameworkServlet.service(FrameworkServlet.java:846)
	at javax.servlet.http.HttpServlet.service(HttpServlet.java:742)
	at org.apache.catalina.core.ApplicationFilterChain.internalDoFilter(ApplicationFilterChain.java:231)
	at org.apache.catalina.core.ApplicationFilterChain.doFilter(ApplicationFilterChain.java:166)
	at org.apache.tomcat.websocket.server.WsFilter.doFilter(WsFilter.java:52)
	at org.apache.catalina.core.ApplicationFilterChain.internalDoFilter(ApplicationFilterChain.java:193)
	at org.apache.catalina.core.ApplicationFilterChain.doFilter(ApplicationFilterChain.java:166)
	at org.springframework.web.filter.RequestContextFilter.doFilterInternal(RequestContextFilter.java:99)
	at org.springframework.web.filter.OncePerRequestFilter.doFilter(OncePerRequestFilter.java:107)
	at org.apache.catalina.core.ApplicationFilterChain.internalDoFilter(ApplicationFilterChain.java:193)
	at org.apache.catalina.core.ApplicationFilterChain.doFilter(ApplicationFilterChain.java:166)
	at org.springframework.web.filter.HttpPutFormContentFilter.doFilterInternal(HttpPutFormContentFilter.java:109)
	at org.springframework.web.filter.OncePerRequestFilter.doFilter(OncePerRequestFilter.java:107)
	at org.apache.catalina.core.ApplicationFilterChain.internalDoFilter(ApplicationFilterChain.java:193)
	at org.apache.catalina.core.ApplicationFilterChain.doFilter(ApplicationFilterChain.java:166)
	at org.springframework.web.filter.HiddenHttpMethodFilter.doFilterInternal(HiddenHttpMethodFilter.java:81)
	at org.springframework.web.filter.OncePerRequestFilter.doFilter(OncePerRequestFilter.java:107)
	at org.apache.catalina.core.ApplicationFilterChain.internalDoFilter(ApplicationFilterChain.java:193)
	at org.apache.catalina.core.ApplicationFilterChain.doFilter(ApplicationFilterChain.java:166)
	at org.springframework.web.filter.CharacterEncodingFilter.doFilterInternal(CharacterEncodingFilter.java:197)
	at org.springframework.web.filter.OncePerRequestFilter.doFilter(OncePerRequestFilter.java:107)
	at org.apache.catalina.core.ApplicationFilterChain.internalDoFilter(ApplicationFilterChain.java:193)
	at org.apache.catalina.core.ApplicationFilterChain.doFilter(ApplicationFilterChain.java:166)
	at org.apache.catalina.core.StandardWrapperValve.invoke(StandardWrapperValve.java:198)
	at org.apache.catalina.core.StandardContextValve.invoke(StandardContextValve.java:96)
	at org.apache.catalina.authenticator.AuthenticatorBase.invoke(AuthenticatorBase.java:496)
	at org.apache.catalina.core.StandardHostValve.invoke(StandardHostValve.java:140)
	at org.apache.catalina.valves.ErrorReportValve.invoke(ErrorReportValve.java:81)
	at org.apache.catalina.core.StandardEngineValve.invoke(StandardEngineValve.java:87)
	at org.apache.catalina.connector.CoyoteAdapter.service(CoyoteAdapter.java:342)
	at org.apache.coyote.http11.Http11Processor.service(Http11Processor.java:803)
	at org.apache.coyote.AbstractProcessorLight.process(AbstractProcessorLight.java:66)
	at org.apache.coyote.AbstractProtocol$ConnectionHandler.process(AbstractProtocol.java:790)
	at org.apache.tomcat.util.net.NioEndpoint$SocketProcessor.doRun(NioEndpoint.java:1468)
	at org.apache.tomcat.util.net.SocketProcessorBase.run(SocketProcessorBase.java:49)
	at java.util.concurrent.ThreadPoolExecutor.runWorker(ThreadPoolExecutor.java:1149)
	at java.util.concurrent.ThreadPoolExecutor$Worker.run(ThreadPoolExecutor.java:624)
	at org.apache.tomcat.util.threads.TaskThread$WrappingRunnable.run(TaskThread.java:61)
	at java.lang.Thread.run(Thread.java:748)
[2018-05-14 10:05:56,811][ERROR] o.a.c.c.C.[.[.[.[dispatcherServlet][182] - Servlet.service() for servlet [dispatcherServlet] in context with path [] threw exception [Request processing failed; nested exception is org.springframework.beans.factory.NoSuchBeanDefinitionException: No bean named 'transactionManager' available: No matching PlatformTransactionManager bean found for qualifier 'transactionManager' - neither qualifier match nor bean name match!] with root cause
org.springframework.beans.factory.NoSuchBeanDefinitionException: No bean named 'transactionManager' available: No matching PlatformTransactionManager bean found for qualifier 'transactionManager' - neither qualifier match nor bean name match!
	at org.springframework.beans.factory.annotation.BeanFactoryAnnotationUtils.qualifiedBeanOfType(BeanFactoryAnnotationUtils.java:107)
	at org.springframework.beans.factory.annotation.BeanFactoryAnnotationUtils.qualifiedBeanOfType(BeanFactoryAnnotationUtils.java:66)
	at org.springframework.transaction.interceptor.TransactionAspectSupport.determineQualifiedTransactionManager(TransactionAspectSupport.java:396)
	at org.springframework.transaction.interceptor.TransactionAspectSupport.determineTransactionManager(TransactionAspectSupport.java:377)
	at org.springframework.transaction.interceptor.TransactionAspectSupport.invokeWithinTransaction(TransactionAspectSupport.java:272)
	at org.springframework.transaction.interceptor.TransactionInterceptor.invoke(TransactionInterceptor.java:96)
	at org.springframework.aop.framework.ReflectiveMethodInvocation.proceed(ReflectiveMethodInvocation.java:179)
	at org.springframework.dao.support.PersistenceExceptionTranslationInterceptor.invoke(PersistenceExceptionTranslationInterceptor.java:136)
	at org.springframework.aop.framework.ReflectiveMethodInvocation.proceed(ReflectiveMethodInvocation.java:179)
	at org.springframework.data.jpa.repository.support.CrudMethodMetadataPostProcessor$CrudMethodMetadataPopulatingMethodInterceptor.invoke(CrudMethodMetadataPostProcessor.java:133)
	at org.springframework.aop.framework.ReflectiveMethodInvocation.proceed(ReflectiveMethodInvocation.java:179)
	at org.springframework.aop.interceptor.ExposeInvocationInterceptor.invoke(ExposeInvocationInterceptor.java:92)
	at org.springframework.aop.framework.ReflectiveMethodInvocation.proceed(ReflectiveMethodInvocation.java:179)
	at org.springframework.data.repository.core.support.SurroundingTransactionDetectorMethodInterceptor.invoke(SurroundingTransactionDetectorMethodInterceptor.java:57)
	at org.springframework.aop.framework.ReflectiveMethodInvocation.proceed(ReflectiveMethodInvocation.java:179)
	at org.springframework.aop.framework.JdkDynamicAopProxy.invoke(JdkDynamicAopProxy.java:213)
	at com.sun.proxy.$Proxy103.save(Unknown Source)
	at com.huhy.springboot_easyui.easyui.controller.AppController.doChangeInfo(AppController.java:335)
	at com.huhy.springboot_easyui.easyui.controller.AppController$$FastClassBySpringCGLIB$$2e4d2468.invoke(<generated>)
	at org.springframework.cglib.proxy.MethodProxy.invoke(MethodProxy.java:204)
	at org.springframework.aop.framework.CglibAopProxy$CglibMethodInvocation.invokeJoinpoint(CglibAopProxy.java:736)
	at org.springframework.aop.framework.ReflectiveMethodInvocation.proceed(ReflectiveMethodInvocation.java:157)
	at org.springframework.transaction.interceptor.TransactionInterceptor$1.proceedWithInvocation(TransactionInterceptor.java:99)
	at org.springframework.transaction.interceptor.TransactionAspectSupport.invokeWithinTransaction(TransactionAspectSupport.java:282)
	at org.springframework.transaction.interceptor.TransactionInterceptor.invoke(TransactionInterceptor.java:96)
	at org.springframework.aop.framework.ReflectiveMethodInvocation.proceed(ReflectiveMethodInvocation.java:179)
	at org.springframework.aop.framework.CglibAopProxy$DynamicAdvisedInterceptor.intercept(CglibAopProxy.java:671)
	at com.huhy.springboot_easyui.easyui.controller.AppController$$EnhancerBySpringCGLIB$$b6566ced.doChangeInfo(<generated>)
	at sun.reflect.NativeMethodAccessorImpl.invoke0(Native Method)
	at sun.reflect.NativeMethodAccessorImpl.invoke(NativeMethodAccessorImpl.java:62)
	at sun.reflect.DelegatingMethodAccessorImpl.invoke(DelegatingMethodAccessorImpl.java:43)
	at java.lang.reflect.Method.invoke(Method.java:498)
	at org.springframework.web.method.support.InvocableHandlerMethod.doInvoke(InvocableHandlerMethod.java:205)
	at org.springframework.web.method.support.InvocableHandlerMethod.invokeForRequest(InvocableHandlerMethod.java:133)
	at org.springframework.web.servlet.mvc.method.annotation.ServletInvocableHandlerMethod.invokeAndHandle(ServletInvocableHandlerMethod.java:97)
	at org.springframework.web.servlet.mvc.method.annotation.RequestMappingHandlerAdapter.invokeHandlerMethod(RequestMappingHandlerAdapter.java:827)
	at org.springframework.web.servlet.mvc.method.annotation.RequestMappingHandlerAdapter.handleInternal(RequestMappingHandlerAdapter.java:738)
	at org.springframework.web.servlet.mvc.method.AbstractHandlerMethodAdapter.handle(AbstractHandlerMethodAdapter.java:85)
	at org.springframework.web.servlet.DispatcherServlet.doDispatch(DispatcherServlet.java:967)
	at org.springframework.web.servlet.DispatcherServlet.doService(DispatcherServlet.java:901)
	at org.springframework.web.servlet.FrameworkServlet.processRequest(FrameworkServlet.java:970)
	at org.springframework.web.servlet.FrameworkServlet.doPost(FrameworkServlet.java:872)
	at javax.servlet.http.HttpServlet.service(HttpServlet.java:661)
	at org.springframework.web.servlet.FrameworkServlet.service(FrameworkServlet.java:846)
	at javax.servlet.http.HttpServlet.service(HttpServlet.java:742)
	at org.apache.catalina.core.ApplicationFilterChain.internalDoFilter(ApplicationFilterChain.java:231)
	at org.apache.catalina.core.ApplicationFilterChain.doFilter(ApplicationFilterChain.java:166)
	at org.apache.tomcat.websocket.server.WsFilter.doFilter(WsFilter.java:52)
	at org.apache.catalina.core.ApplicationFilterChain.internalDoFilter(ApplicationFilterChain.java:193)
	at org.apache.catalina.core.ApplicationFilterChain.doFilter(ApplicationFilterChain.java:166)
	at org.springframework.web.filter.RequestContextFilter.doFilterInternal(RequestContextFilter.java:99)
	at org.springframework.web.filter.OncePerRequestFilter.doFilter(OncePerRequestFilter.java:107)
	at org.apache.catalina.core.ApplicationFilterChain.internalDoFilter(ApplicationFilterChain.java:193)
	at org.apache.catalina.core.ApplicationFilterChain.doFilter(ApplicationFilterChain.java:166)
	at org.springframework.web.filter.HttpPutFormContentFilter.doFilterInternal(HttpPutFormContentFilter.java:109)
	at org.springframework.web.filter.OncePerRequestFilter.doFilter(OncePerRequestFilter.java:107)
	at org.apache.catalina.core.ApplicationFilterChain.internalDoFilter(ApplicationFilterChain.java:193)
	at org.apache.catalina.core.ApplicationFilterChain.doFilter(ApplicationFilterChain.java:166)
	at org.springframework.web.filter.HiddenHttpMethodFilter.doFilterInternal(HiddenHttpMethodFilter.java:81)
	at org.springframework.web.filter.OncePerRequestFilter.doFilter(OncePerRequestFilter.java:107)
	at org.apache.catalina.core.ApplicationFilterChain.internalDoFilter(ApplicationFilterChain.java:193)
	at org.apache.catalina.core.ApplicationFilterChain.doFilter(ApplicationFilterChain.java:166)
	at org.springframework.web.filter.CharacterEncodingFilter.doFilterInternal(CharacterEncodingFilter.java:197)
	at org.springframework.web.filter.OncePerRequestFilter.doFilter(OncePerRequestFilter.java:107)
	at org.apache.catalina.core.ApplicationFilterChain.internalDoFilter(ApplicationFilterChain.java:193)
	at org.apache.catalina.core.ApplicationFilterChain.doFilter(ApplicationFilterChain.java:166)
	at org.apache.catalina.core.StandardWrapperValve.invoke(StandardWrapperValve.java:198)
	at org.apache.catalina.core.StandardContextValve.invoke(StandardContextValve.java:96)
	at org.apache.catalina.authenticator.AuthenticatorBase.invoke(AuthenticatorBase.java:496)
	at org.apache.catalina.core.StandardHostValve.invoke(StandardHostValve.java:140)
	at org.apache.catalina.valves.ErrorReportValve.invoke(ErrorReportValve.java:81)
	at org.apache.catalina.core.StandardEngineValve.invoke(StandardEngineValve.java:87)
	at org.apache.catalina.connector.CoyoteAdapter.service(CoyoteAdapter.java:342)
	at org.apache.coyote.http11.Http11Processor.service(Http11Processor.java:803)
	at org.apache.coyote.AbstractProcessorLight.process(AbstractProcessorLight.java:66)
	at org.apache.coyote.AbstractProtocol$ConnectionHandler.process(AbstractProtocol.java:790)
	at org.apache.tomcat.util.net.NioEndpoint$SocketProcessor.doRun(NioEndpoint.java:1468)
	at org.apache.tomcat.util.net.SocketProcessorBase.run(SocketProcessorBase.java:49)
	at java.util.concurrent.ThreadPoolExecutor.runWorker(ThreadPoolExecutor.java:1149)
	at java.util.concurrent.ThreadPoolExecutor$Worker.run(ThreadPoolExecutor.java:624)
	at org.apache.tomcat.util.threads.TaskThread$WrappingRunnable.run(TaskThread.java:61)
	at java.lang.Thread.run(Thread.java:748)
[2018-05-14 10:05:57,346][ERROR] o.a.c.c.C.[.[.[.[dispatcherServlet][182] - Servlet.service() for servlet [dispatcherServlet] in context with path [] threw exception [Request processing failed; nested exception is org.springframework.beans.factory.NoSuchBeanDefinitionException: No bean named 'transactionManager' available: No matching PlatformTransactionManager bean found for qualifier 'transactionManager' - neither qualifier match nor bean name match!] with root cause
org.springframework.beans.factory.NoSuchBeanDefinitionException: No bean named 'transactionManager' available: No matching PlatformTransactionManager bean found for qualifier 'transactionManager' - neither qualifier match nor bean name match!
	at org.springframework.beans.factory.annotation.BeanFactoryAnnotationUtils.qualifiedBeanOfType(BeanFactoryAnnotationUtils.java:107)
	at org.springframework.beans.factory.annotation.BeanFactoryAnnotationUtils.qualifiedBeanOfType(BeanFactoryAnnotationUtils.java:66)
	at org.springframework.transaction.interceptor.TransactionAspectSupport.determineQualifiedTransactionManager(TransactionAspectSupport.java:396)
	at org.springframework.transaction.interceptor.TransactionAspectSupport.determineTransactionManager(TransactionAspectSupport.java:377)
	at org.springframework.transaction.interceptor.TransactionAspectSupport.invokeWithinTransaction(TransactionAspectSupport.java:272)
	at org.springframework.transaction.interceptor.TransactionInterceptor.invoke(TransactionInterceptor.java:96)
	at org.springframework.aop.framework.ReflectiveMethodInvocation.proceed(ReflectiveMethodInvocation.java:179)
	at org.springframework.dao.support.PersistenceExceptionTranslationInterceptor.invoke(PersistenceExceptionTranslationInterceptor.java:136)
	at org.springframework.aop.framework.ReflectiveMethodInvocation.proceed(ReflectiveMethodInvocation.java:179)
	at org.springframework.data.jpa.repository.support.CrudMethodMetadataPostProcessor$CrudMethodMetadataPopulatingMethodInterceptor.invoke(CrudMethodMetadataPostProcessor.java:133)
	at org.springframework.aop.framework.ReflectiveMethodInvocation.proceed(ReflectiveMethodInvocation.java:179)
	at org.springframework.aop.interceptor.ExposeInvocationInterceptor.invoke(ExposeInvocationInterceptor.java:92)
	at org.springframework.aop.framework.ReflectiveMethodInvocation.proceed(ReflectiveMethodInvocation.java:179)
	at org.springframework.data.repository.core.support.SurroundingTransactionDetectorMethodInterceptor.invoke(SurroundingTransactionDetectorMethodInterceptor.java:57)
	at org.springframework.aop.framework.ReflectiveMethodInvocation.proceed(ReflectiveMethodInvocation.java:179)
	at org.springframework.aop.framework.JdkDynamicAopProxy.invoke(JdkDynamicAopProxy.java:213)
	at com.sun.proxy.$Proxy103.save(Unknown Source)
	at com.huhy.springboot_easyui.easyui.controller.AppController.doChangeInfo(AppController.java:335)
	at com.huhy.springboot_easyui.easyui.controller.AppController$$FastClassBySpringCGLIB$$2e4d2468.invoke(<generated>)
	at org.springframework.cglib.proxy.MethodProxy.invoke(MethodProxy.java:204)
	at org.springframework.aop.framework.CglibAopProxy$CglibMethodInvocation.invokeJoinpoint(CglibAopProxy.java:736)
	at org.springframework.aop.framework.ReflectiveMethodInvocation.proceed(ReflectiveMethodInvocation.java:157)
	at org.springframework.transaction.interceptor.TransactionInterceptor$1.proceedWithInvocation(TransactionInterceptor.java:99)
	at org.springframework.transaction.interceptor.TransactionAspectSupport.invokeWithinTransaction(TransactionAspectSupport.java:282)
	at org.springframework.transaction.interceptor.TransactionInterceptor.invoke(TransactionInterceptor.java:96)
	at org.springframework.aop.framework.ReflectiveMethodInvocation.proceed(ReflectiveMethodInvocation.java:179)
	at org.springframework.aop.framework.CglibAopProxy$DynamicAdvisedInterceptor.intercept(CglibAopProxy.java:671)
	at com.huhy.springboot_easyui.easyui.controller.AppController$$EnhancerBySpringCGLIB$$b6566ced.doChangeInfo(<generated>)
	at sun.reflect.NativeMethodAccessorImpl.invoke0(Native Method)
	at sun.reflect.NativeMethodAccessorImpl.invoke(NativeMethodAccessorImpl.java:62)
	at sun.reflect.DelegatingMethodAccessorImpl.invoke(DelegatingMethodAccessorImpl.java:43)
	at java.lang.reflect.Method.invoke(Method.java:498)
	at org.springframework.web.method.support.InvocableHandlerMethod.doInvoke(InvocableHandlerMethod.java:205)
	at org.springframework.web.method.support.InvocableHandlerMethod.invokeForRequest(InvocableHandlerMethod.java:133)
	at org.springframework.web.servlet.mvc.method.annotation.ServletInvocableHandlerMethod.invokeAndHandle(ServletInvocableHandlerMethod.java:97)
	at org.springframework.web.servlet.mvc.method.annotation.RequestMappingHandlerAdapter.invokeHandlerMethod(RequestMappingHandlerAdapter.java:827)
	at org.springframework.web.servlet.mvc.method.annotation.RequestMappingHandlerAdapter.handleInternal(RequestMappingHandlerAdapter.java:738)
	at org.springframework.web.servlet.mvc.method.AbstractHandlerMethodAdapter.handle(AbstractHandlerMethodAdapter.java:85)
	at org.springframework.web.servlet.DispatcherServlet.doDispatch(DispatcherServlet.java:967)
	at org.springframework.web.servlet.DispatcherServlet.doService(DispatcherServlet.java:901)
	at org.springframework.web.servlet.FrameworkServlet.processRequest(FrameworkServlet.java:970)
	at org.springframework.web.servlet.FrameworkServlet.doPost(FrameworkServlet.java:872)
	at javax.servlet.http.HttpServlet.service(HttpServlet.java:661)
	at org.springframework.web.servlet.FrameworkServlet.service(FrameworkServlet.java:846)
	at javax.servlet.http.HttpServlet.service(HttpServlet.java:742)
	at org.apache.catalina.core.ApplicationFilterChain.internalDoFilter(ApplicationFilterChain.java:231)
	at org.apache.catalina.core.ApplicationFilterChain.doFilter(ApplicationFilterChain.java:166)
	at org.apache.tomcat.websocket.server.WsFilter.doFilter(WsFilter.java:52)
	at org.apache.catalina.core.ApplicationFilterChain.internalDoFilter(ApplicationFilterChain.java:193)
	at org.apache.catalina.core.ApplicationFilterChain.doFilter(ApplicationFilterChain.java:166)
	at org.springframework.web.filter.RequestContextFilter.doFilterInternal(RequestContextFilter.java:99)
	at org.springframework.web.filter.OncePerRequestFilter.doFilter(OncePerRequestFilter.java:107)
	at org.apache.catalina.core.ApplicationFilterChain.internalDoFilter(ApplicationFilterChain.java:193)
	at org.apache.catalina.core.ApplicationFilterChain.doFilter(ApplicationFilterChain.java:166)
	at org.springframework.web.filter.HttpPutFormContentFilter.doFilterInternal(HttpPutFormContentFilter.java:109)
	at org.springframework.web.filter.OncePerRequestFilter.doFilter(OncePerRequestFilter.java:107)
	at org.apache.catalina.core.ApplicationFilterChain.internalDoFilter(ApplicationFilterChain.java:193)
	at org.apache.catalina.core.ApplicationFilterChain.doFilter(ApplicationFilterChain.java:166)
	at org.springframework.web.filter.HiddenHttpMethodFilter.doFilterInternal(HiddenHttpMethodFilter.java:81)
	at org.springframework.web.filter.OncePerRequestFilter.doFilter(OncePerRequestFilter.java:107)
	at org.apache.catalina.core.ApplicationFilterChain.internalDoFilter(ApplicationFilterChain.java:193)
	at org.apache.catalina.core.ApplicationFilterChain.doFilter(ApplicationFilterChain.java:166)
	at org.springframework.web.filter.CharacterEncodingFilter.doFilterInternal(CharacterEncodingFilter.java:197)
	at org.springframework.web.filter.OncePerRequestFilter.doFilter(OncePerRequestFilter.java:107)
	at org.apache.catalina.core.ApplicationFilterChain.internalDoFilter(ApplicationFilterChain.java:193)
	at org.apache.catalina.core.ApplicationFilterChain.doFilter(ApplicationFilterChain.java:166)
	at org.apache.catalina.core.StandardWrapperValve.invoke(StandardWrapperValve.java:198)
	at org.apache.catalina.core.StandardContextValve.invoke(StandardContextValve.java:96)
	at org.apache.catalina.authenticator.AuthenticatorBase.invoke(AuthenticatorBase.java:496)
	at org.apache.catalina.core.StandardHostValve.invoke(StandardHostValve.java:140)
	at org.apache.catalina.valves.ErrorReportValve.invoke(ErrorReportValve.java:81)
	at org.apache.catalina.core.StandardEngineValve.invoke(StandardEngineValve.java:87)
	at org.apache.catalina.connector.CoyoteAdapter.service(CoyoteAdapter.java:342)
	at org.apache.coyote.http11.Http11Processor.service(Http11Processor.java:803)
	at org.apache.coyote.AbstractProcessorLight.process(AbstractProcessorLight.java:66)
	at org.apache.coyote.AbstractProtocol$ConnectionHandler.process(AbstractProtocol.java:790)
	at org.apache.tomcat.util.net.NioEndpoint$SocketProcessor.doRun(NioEndpoint.java:1468)
	at org.apache.tomcat.util.net.SocketProcessorBase.run(SocketProcessorBase.java:49)
	at java.util.concurrent.ThreadPoolExecutor.runWorker(ThreadPoolExecutor.java:1149)
	at java.util.concurrent.ThreadPoolExecutor$Worker.run(ThreadPoolExecutor.java:624)
	at org.apache.tomcat.util.threads.TaskThread$WrappingRunnable.run(TaskThread.java:61)
	at java.lang.Thread.run(Thread.java:748)
[2018-05-14 10:05:57,524][ERROR] o.a.c.c.C.[.[.[.[dispatcherServlet][182] - Servlet.service() for servlet [dispatcherServlet] in context with path [] threw exception [Request processing failed; nested exception is org.springframework.beans.factory.NoSuchBeanDefinitionException: No bean named 'transactionManager' available: No matching PlatformTransactionManager bean found for qualifier 'transactionManager' - neither qualifier match nor bean name match!] with root cause
org.springframework.beans.factory.NoSuchBeanDefinitionException: No bean named 'transactionManager' available: No matching PlatformTransactionManager bean found for qualifier 'transactionManager' - neither qualifier match nor bean name match!
	at org.springframework.beans.factory.annotation.BeanFactoryAnnotationUtils.qualifiedBeanOfType(BeanFactoryAnnotationUtils.java:107)
	at org.springframework.beans.factory.annotation.BeanFactoryAnnotationUtils.qualifiedBeanOfType(BeanFactoryAnnotationUtils.java:66)
	at org.springframework.transaction.interceptor.TransactionAspectSupport.determineQualifiedTransactionManager(TransactionAspectSupport.java:396)
	at org.springframework.transaction.interceptor.TransactionAspectSupport.determineTransactionManager(TransactionAspectSupport.java:377)
	at org.springframework.transaction.interceptor.TransactionAspectSupport.invokeWithinTransaction(TransactionAspectSupport.java:272)
	at org.springframework.transaction.interceptor.TransactionInterceptor.invoke(TransactionInterceptor.java:96)
	at org.springframework.aop.framework.ReflectiveMethodInvocation.proceed(ReflectiveMethodInvocation.java:179)
	at org.springframework.dao.support.PersistenceExceptionTranslationInterceptor.invoke(PersistenceExceptionTranslationInterceptor.java:136)
	at org.springframework.aop.framework.ReflectiveMethodInvocation.proceed(ReflectiveMethodInvocation.java:179)
	at org.springframework.data.jpa.repository.support.CrudMethodMetadataPostProcessor$CrudMethodMetadataPopulatingMethodInterceptor.invoke(CrudMethodMetadataPostProcessor.java:133)
	at org.springframework.aop.framework.ReflectiveMethodInvocation.proceed(ReflectiveMethodInvocation.java:179)
	at org.springframework.aop.interceptor.ExposeInvocationInterceptor.invoke(ExposeInvocationInterceptor.java:92)
	at org.springframework.aop.framework.ReflectiveMethodInvocation.proceed(ReflectiveMethodInvocation.java:179)
	at org.springframework.data.repository.core.support.SurroundingTransactionDetectorMethodInterceptor.invoke(SurroundingTransactionDetectorMethodInterceptor.java:57)
	at org.springframework.aop.framework.ReflectiveMethodInvocation.proceed(ReflectiveMethodInvocation.java:179)
	at org.springframework.aop.framework.JdkDynamicAopProxy.invoke(JdkDynamicAopProxy.java:213)
	at com.sun.proxy.$Proxy103.save(Unknown Source)
	at com.huhy.springboot_easyui.easyui.controller.AppController.doChangeInfo(AppController.java:335)
	at com.huhy.springboot_easyui.easyui.controller.AppController$$FastClassBySpringCGLIB$$2e4d2468.invoke(<generated>)
	at org.springframework.cglib.proxy.MethodProxy.invoke(MethodProxy.java:204)
	at org.springframework.aop.framework.CglibAopProxy$CglibMethodInvocation.invokeJoinpoint(CglibAopProxy.java:736)
	at org.springframework.aop.framework.ReflectiveMethodInvocation.proceed(ReflectiveMethodInvocation.java:157)
	at org.springframework.transaction.interceptor.TransactionInterceptor$1.proceedWithInvocation(TransactionInterceptor.java:99)
	at org.springframework.transaction.interceptor.TransactionAspectSupport.invokeWithinTransaction(TransactionAspectSupport.java:282)
	at org.springframework.transaction.interceptor.TransactionInterceptor.invoke(TransactionInterceptor.java:96)
	at org.springframework.aop.framework.ReflectiveMethodInvocation.proceed(ReflectiveMethodInvocation.java:179)
	at org.springframework.aop.framework.CglibAopProxy$DynamicAdvisedInterceptor.intercept(CglibAopProxy.java:671)
	at com.huhy.springboot_easyui.easyui.controller.AppController$$EnhancerBySpringCGLIB$$b6566ced.doChangeInfo(<generated>)
	at sun.reflect.NativeMethodAccessorImpl.invoke0(Native Method)
	at sun.reflect.NativeMethodAccessorImpl.invoke(NativeMethodAccessorImpl.java:62)
	at sun.reflect.DelegatingMethodAccessorImpl.invoke(DelegatingMethodAccessorImpl.java:43)
	at java.lang.reflect.Method.invoke(Method.java:498)
	at org.springframework.web.method.support.InvocableHandlerMethod.doInvoke(InvocableHandlerMethod.java:205)
	at org.springframework.web.method.support.InvocableHandlerMethod.invokeForRequest(InvocableHandlerMethod.java:133)
	at org.springframework.web.servlet.mvc.method.annotation.ServletInvocableHandlerMethod.invokeAndHandle(ServletInvocableHandlerMethod.java:97)
	at org.springframework.web.servlet.mvc.method.annotation.RequestMappingHandlerAdapter.invokeHandlerMethod(RequestMappingHandlerAdapter.java:827)
	at org.springframework.web.servlet.mvc.method.annotation.RequestMappingHandlerAdapter.handleInternal(RequestMappingHandlerAdapter.java:738)
	at org.springframework.web.servlet.mvc.method.AbstractHandlerMethodAdapter.handle(AbstractHandlerMethodAdapter.java:85)
	at org.springframework.web.servlet.DispatcherServlet.doDispatch(DispatcherServlet.java:967)
	at org.springframework.web.servlet.DispatcherServlet.doService(DispatcherServlet.java:901)
	at org.springframework.web.servlet.FrameworkServlet.processRequest(FrameworkServlet.java:970)
	at org.springframework.web.servlet.FrameworkServlet.doPost(FrameworkServlet.java:872)
	at javax.servlet.http.HttpServlet.service(HttpServlet.java:661)
	at org.springframework.web.servlet.FrameworkServlet.service(FrameworkServlet.java:846)
	at javax.servlet.http.HttpServlet.service(HttpServlet.java:742)
	at org.apache.catalina.core.ApplicationFilterChain.internalDoFilter(ApplicationFilterChain.java:231)
	at org.apache.catalina.core.ApplicationFilterChain.doFilter(ApplicationFilterChain.java:166)
	at org.apache.tomcat.websocket.server.WsFilter.doFilter(WsFilter.java:52)
	at org.apache.catalina.core.ApplicationFilterChain.internalDoFilter(ApplicationFilterChain.java:193)
	at org.apache.catalina.core.ApplicationFilterChain.doFilter(ApplicationFilterChain.java:166)
	at org.springframework.web.filter.RequestContextFilter.doFilterInternal(RequestContextFilter.java:99)
	at org.springframework.web.filter.OncePerRequestFilter.doFilter(OncePerRequestFilter.java:107)
	at org.apache.catalina.core.ApplicationFilterChain.internalDoFilter(ApplicationFilterChain.java:193)
	at org.apache.catalina.core.ApplicationFilterChain.doFilter(ApplicationFilterChain.java:166)
	at org.springframework.web.filter.HttpPutFormContentFilter.doFilterInternal(HttpPutFormContentFilter.java:109)
	at org.springframework.web.filter.OncePerRequestFilter.doFilter(OncePerRequestFilter.java:107)
	at org.apache.catalina.core.ApplicationFilterChain.internalDoFilter(ApplicationFilterChain.java:193)
	at org.apache.catalina.core.ApplicationFilterChain.doFilter(ApplicationFilterChain.java:166)
	at org.springframework.web.filter.HiddenHttpMethodFilter.doFilterInternal(HiddenHttpMethodFilter.java:81)
	at org.springframework.web.filter.OncePerRequestFilter.doFilter(OncePerRequestFilter.java:107)
	at org.apache.catalina.core.ApplicationFilterChain.internalDoFilter(ApplicationFilterChain.java:193)
	at org.apache.catalina.core.ApplicationFilterChain.doFilter(ApplicationFilterChain.java:166)
	at org.springframework.web.filter.CharacterEncodingFilter.doFilterInternal(CharacterEncodingFilter.java:197)
	at org.springframework.web.filter.OncePerRequestFilter.doFilter(OncePerRequestFilter.java:107)
	at org.apache.catalina.core.ApplicationFilterChain.internalDoFilter(ApplicationFilterChain.java:193)
	at org.apache.catalina.core.ApplicationFilterChain.doFilter(ApplicationFilterChain.java:166)
	at org.apache.catalina.core.StandardWrapperValve.invoke(StandardWrapperValve.java:198)
	at org.apache.catalina.core.StandardContextValve.invoke(StandardContextValve.java:96)
	at org.apache.catalina.authenticator.AuthenticatorBase.invoke(AuthenticatorBase.java:496)
	at org.apache.catalina.core.StandardHostValve.invoke(StandardHostValve.java:140)
	at org.apache.catalina.valves.ErrorReportValve.invoke(ErrorReportValve.java:81)
	at org.apache.catalina.core.StandardEngineValve.invoke(StandardEngineValve.java:87)
	at org.apache.catalina.connector.CoyoteAdapter.service(CoyoteAdapter.java:342)
	at org.apache.coyote.http11.Http11Processor.service(Http11Processor.java:803)
	at org.apache.coyote.AbstractProcessorLight.process(AbstractProcessorLight.java:66)
	at org.apache.coyote.AbstractProtocol$ConnectionHandler.process(AbstractProtocol.java:790)
	at org.apache.tomcat.util.net.NioEndpoint$SocketProcessor.doRun(NioEndpoint.java:1468)
	at org.apache.tomcat.util.net.SocketProcessorBase.run(SocketProcessorBase.java:49)
	at java.util.concurrent.ThreadPoolExecutor.runWorker(ThreadPoolExecutor.java:1149)
	at java.util.concurrent.ThreadPoolExecutor$Worker.run(ThreadPoolExecutor.java:624)
	at org.apache.tomcat.util.threads.TaskThread$WrappingRunnable.run(TaskThread.java:61)
	at java.lang.Thread.run(Thread.java:748)
[2018-05-14 10:34:13,237][INFO ] o.s.b.c.e.AnnotationConfigEmbeddedWebApplicationContext[984] - Closing org.springframework.boot.context.embedded.AnnotationConfigEmbeddedWebApplicationContext@3107da64: startup date [Mon May 14 10:03:39 CST 2018]; root of context hierarchy
[2018-05-14 10:34:13,239][INFO ] o.s.c.s.DefaultLifecycleProcessor[356] - Stopping beans in phase 2147483647
[2018-05-14 10:34:13,241][INFO ] o.s.j.e.a.AnnotationMBeanExporter[449] - Unregistering JMX-exposed beans on shutdown
[2018-05-14 10:34:13,242][INFO ] o.s.s.c.ThreadPoolTaskScheduler[202] - Shutting down ExecutorService 'defaultSockJsTaskScheduler'
[2018-05-14 10:34:13,244][INFO ] o.s.o.j.LocalContainerEntityManagerFactoryBean[590] - Closing JPA EntityManagerFactory for persistence unit 'default'
[2018-05-14 11:02:21,787][INFO ] c.h.s.SpringbootEasyuiApplication[48] - Starting SpringbootEasyuiApplication on PC-20180427VENM with PID 6744 (E:\IDE\workspace\workspace_self\springboot_easyui\target\classes started by Administrator in E:\IDE\workspace\workspace_self\springboot_easyui)
[2018-05-14 11:02:21,789][INFO ] c.h.s.SpringbootEasyuiApplication[593] - No active profile set, falling back to default profiles: default
[2018-05-14 11:02:21,867][INFO ] o.s.b.c.e.AnnotationConfigEmbeddedWebApplicationContext[583] - Refreshing org.springframework.boot.context.embedded.AnnotationConfigEmbeddedWebApplicationContext@a148119: startup date [Mon May 14 11:02:21 CST 2018]; root of context hierarchy
[2018-05-14 11:02:22,092][INFO ] o.h.v.i.util.Version[30] - HV000001: Hibernate Validator 5.3.6.Final
[2018-05-14 11:02:24,094][INFO ] o.s.c.s.PostProcessorRegistrationDelegate$BeanPostProcessorChecker[327] - Bean 'org.springframework.transaction.annotation.ProxyTransactionManagementConfiguration' of type [org.springframework.transaction.annotation.ProxyTransactionManagementConfiguration$$EnhancerBySpringCGLIB$$b9687e3f] is not eligible for getting processed by all BeanPostProcessors (for example: not eligible for auto-proxying)
[2018-05-14 11:02:24,769][INFO ] o.s.b.c.e.t.TomcatEmbeddedServletContainer[92] - Tomcat initialized with port(s): 8080 (http)
[2018-05-14 11:02:24,788][INFO ] o.a.c.h.Http11NioProtocol[180] - Initializing ProtocolHandler ["http-nio-8080"]
[2018-05-14 11:02:24,804][INFO ] o.a.c.c.StandardService[180] - Starting service [Tomcat]
[2018-05-14 11:02:24,804][INFO ] o.a.c.c.StandardEngine[180] - Starting Servlet Engine: Apache Tomcat/8.5.31
[2018-05-14 11:02:25,046][INFO ] o.a.c.c.C.[.[.[/][180] - Initializing Spring embedded WebApplicationContext
[2018-05-14 11:02:25,046][INFO ] o.s.w.c.ContextLoader[276] - Root WebApplicationContext: initialization completed in 3179 ms
[2018-05-14 11:02:25,211][INFO ] o.s.b.w.s.ServletRegistrationBean[190] - Mapping servlet: 'dispatcherServlet' to [/]
[2018-05-14 11:02:25,216][INFO ] o.s.b.w.s.FilterRegistrationBean[258] - Mapping filter: 'characterEncodingFilter' to: [/*]
[2018-05-14 11:02:25,217][INFO ] o.s.b.w.s.FilterRegistrationBean[258] - Mapping filter: 'hiddenHttpMethodFilter' to: [/*]
[2018-05-14 11:02:25,217][INFO ] o.s.b.w.s.FilterRegistrationBean[258] - Mapping filter: 'httpPutFormContentFilter' to: [/*]
[2018-05-14 11:02:25,217][INFO ] o.s.b.w.s.FilterRegistrationBean[258] - Mapping filter: 'requestContextFilter' to: [/*]
[2018-05-14 11:02:25,839][INFO ] o.s.o.j.LocalContainerEntityManagerFactoryBean[356] - Building JPA container EntityManagerFactory for persistence unit 'default'
[2018-05-14 11:02:25,852][INFO ] o.h.j.i.u.LogHelper[31] - HHH000204: Processing PersistenceUnitInfo [
	name: default
	...]
[2018-05-14 11:02:25,970][INFO ] o.hibernate.Version[37] - HHH000412: Hibernate Core {5.0.12.Final}
[2018-05-14 11:02:25,972][INFO ] o.h.cfg.Environment[198] - HHH000205: Loaded properties from resource hibernate.properties: {hibernate.dialect=org.hibernate.dialect.MySQL5Dialect, hibernate.show_sql=true, hibernate.bytecode.use_reflection_optimizer=false, hibernate.hbm2ddl.auto=update, hibernate.format_sql=true}
[2018-05-14 11:02:25,972][INFO ] o.h.cfg.Environment[317] - HHH000021: Bytecode provider name : javassist
[2018-05-14 11:02:26,010][INFO ] o.h.a.common.Version[66] - HCANN000001: Hibernate Commons Annotations {5.0.1.Final}
[2018-05-14 11:02:26,186][INFO ] o.h.dialect.Dialect[156] - HHH000400: Using dialect: org.hibernate.dialect.MySQL5Dialect
[2018-05-14 11:02:26,830][INFO ] o.h.t.h.SchemaUpdate[105] - HHH000228: Running hbm2ddl schema update
[2018-05-14 11:02:27,942][INFO ] o.s.o.j.LocalContainerEntityManagerFactoryBean[414] - Initialized JPA EntityManagerFactory for persistence unit 'default'
[2018-05-14 11:02:28,320][INFO ] o.s.s.c.ThreadPoolTaskScheduler[165] - Initializing ExecutorService  'defaultSockJsTaskScheduler'
[2018-05-14 11:02:28,361][INFO ] o.s.w.s.s.s.WebSocketHandlerMapping[362] - Mapped URL path [/ws/server] onto handler of type [class org.springframework.web.socket.server.support.WebSocketHttpRequestHandler]
[2018-05-14 11:02:28,361][INFO ] o.s.w.s.s.s.WebSocketHandlerMapping[362] - Mapped URL path [/sockjs/server/**] onto handler of type [class org.springframework.web.socket.sockjs.support.SockJsHttpRequestHandler]
[2018-05-14 11:02:28,770][INFO ] o.s.w.s.m.m.a.RequestMappingHandlerAdapter[534] - Looking for @ControllerAdvice: org.springframework.boot.context.embedded.AnnotationConfigEmbeddedWebApplicationContext@a148119: startup date [Mon May 14 11:02:21 CST 2018]; root of context hierarchy
[2018-05-14 11:02:28,871][INFO ] o.s.w.s.m.m.a.RequestMappingHandlerMapping[543] - Mapped "{[/]}" onto public java.lang.String com.huhy.springboot_easyui.easyui.controller.AppController.index()
[2018-05-14 11:02:28,873][INFO ] o.s.w.s.m.m.a.RequestMappingHandlerMapping[543] - Mapped "{[/reject]}" onto public java.lang.String com.huhy.springboot_easyui.easyui.controller.AppController.reject()
[2018-05-14 11:02:28,875][INFO ] o.s.w.s.m.m.a.RequestMappingHandlerMapping[543] - Mapped "{[/resource]}" onto public java.lang.String com.huhy.springboot_easyui.easyui.controller.AppController.login(javax.servlet.http.HttpSession,org.springframework.ui.Model)
[2018-05-14 11:02:28,875][INFO ] o.s.w.s.m.m.a.RequestMappingHandlerMapping[543] - Mapped "{[/login]}" onto public java.lang.String com.huhy.springboot_easyui.easyui.controller.AppController.login(javax.servlet.http.HttpSession)
[2018-05-14 11:02:28,876][INFO ] o.s.w.s.m.m.a.RequestMappingHandlerMapping[543] - Mapped "{[/logout]}" onto public java.lang.String com.huhy.springboot_easyui.easyui.controller.AppController.logout(javax.servlet.http.HttpSession)
[2018-05-14 11:02:28,876][INFO ] o.s.w.s.m.m.a.RequestMappingHandlerMapping[543] - Mapped "{[/login],methods=[POST]}" onto public java.lang.String com.huhy.springboot_easyui.easyui.controller.AppController.doLoin(java.lang.String,java.lang.String,org.springframework.web.servlet.mvc.support.RedirectAttributes,javax.servlet.http.HttpSession)
[2018-05-14 11:02:28,876][INFO ] o.s.w.s.m.m.a.RequestMappingHandlerMapping[543] - Mapped "{[/reg],methods=[GET]}" onto public java.lang.String com.huhy.springboot_easyui.easyui.controller.AppController.toReg()
[2018-05-14 11:02:28,877][INFO ] o.s.w.s.m.m.a.RequestMappingHandlerMapping[543] - Mapped "{[/reg],methods=[POST]}" onto public java.lang.String com.huhy.springboot_easyui.easyui.controller.AppController.doReg(java.lang.String,java.lang.String,java.lang.String,java.lang.String,java.lang.String,org.springframework.web.servlet.mvc.support.RedirectAttributes)
[2018-05-14 11:02:28,877][INFO ] o.s.w.s.m.m.a.RequestMappingHandlerMapping[543] - Mapped "{[/verify/code],methods=[GET]}" onto public void com.huhy.springboot_easyui.easyui.controller.AppController.verifyCode(javax.servlet.http.HttpServletResponse,javax.servlet.http.HttpSession)
[2018-05-14 11:02:28,878][INFO ] o.s.w.s.m.m.a.RequestMappingHandlerMapping[543] - Mapped "{[/desktop]}" onto public java.lang.String com.huhy.springboot_easyui.easyui.controller.AppController.desktop()
[2018-05-14 11:02:28,878][INFO ] o.s.w.s.m.m.a.RequestMappingHandlerMapping[543] - Mapped "{[/change/password]}" onto public java.lang.String com.huhy.springboot_easyui.easyui.controller.AppController.changePassword()
[2018-05-14 11:02:28,878][INFO ] o.s.w.s.m.m.a.RequestMappingHandlerMapping[543] - Mapped "{[/change/password],methods=[POST]}" onto public com.huhy.springboot_easyui.easyui.common.AjaxResult com.huhy.springboot_easyui.easyui.controller.AppController.doChangePassword(com.huhy.springboot_easyui.easyui.model.domain.Member,java.lang.String,java.lang.String,java.lang.String)
[2018-05-14 11:02:28,879][INFO ] o.s.w.s.m.m.a.RequestMappingHandlerMapping[543] - Mapped "{[/change/info]}" onto public java.lang.String com.huhy.springboot_easyui.easyui.controller.AppController.changeInfo()
[2018-05-14 11:02:28,879][INFO ] o.s.w.s.m.m.a.RequestMappingHandlerMapping[543] - Mapped "{[/change/info],methods=[POST]}" onto public com.huhy.springboot_easyui.easyui.common.AjaxResult com.huhy.springboot_easyui.easyui.controller.AppController.doChangeInfo(com.huhy.springboot_easyui.easyui.model.domain.Member,com.huhy.springboot_easyui.easyui.model.domain.Member,javax.servlet.http.HttpSession)
[2018-05-14 11:02:28,883][INFO ] o.s.w.s.m.m.a.RequestMappingHandlerMapping[543] - Mapped "{[/attachment/upload],methods=[POST]}" onto public com.huhy.springboot_easyui.easyui.common.AjaxResult com.huhy.springboot_easyui.easyui.controller.AttachmentController.upload(com.huhy.springboot_easyui.easyui.common.AttachmentType,com.huhy.springboot_easyui.easyui.model.domain.Member,org.springframework.web.multipart.MultipartFile)
[2018-05-14 11:02:28,884][INFO ] o.s.w.s.m.m.a.RequestMappingHandlerMapping[543] - Mapped "{[/attachment/**],methods=[GET]}" onto public org.springframework.http.ResponseEntity<org.springframework.core.io.Resource> com.huhy.springboot_easyui.easyui.controller.AttachmentController.loadFile(javax.servlet.http.HttpServletRequest)
[2018-05-14 11:02:28,890][INFO ] o.s.w.s.m.m.a.RequestMappingHandlerMapping[543] - Mapped "{[/system/member]}" onto public void com.huhy.springboot_easyui.easyui.controller.system.MemberController.index()
[2018-05-14 11:02:28,891][INFO ] o.s.w.s.m.m.a.RequestMappingHandlerMapping[543] - Mapped "{[/system/member/form]}" onto public void com.huhy.springboot_easyui.easyui.controller.system.MemberController.form(java.lang.Long,org.springframework.ui.Model)
[2018-05-14 11:02:28,891][INFO ] o.s.w.s.m.m.a.RequestMappingHandlerMapping[543] - Mapped "{[/system/member/delete]}" onto public com.huhy.springboot_easyui.easyui.common.AjaxResult com.huhy.springboot_easyui.easyui.controller.system.MemberController.delete(java.lang.Long)
[2018-05-14 11:02:28,892][INFO ] o.s.w.s.m.m.a.RequestMappingHandlerMapping[543] - Mapped "{[/system/member/check]}" onto public boolean com.huhy.springboot_easyui.easyui.controller.system.MemberController.check(java.lang.String)
[2018-05-14 11:02:28,893][INFO ] o.s.w.s.m.m.a.RequestMappingHandlerMapping[543] - Mapped "{[/system/member/list]}" onto public com.huhy.springboot_easyui.easyui.common.DataGrid<com.huhy.springboot_easyui.easyui.model.domain.Member> com.huhy.springboot_easyui.easyui.controller.system.MemberController.list(int,int,java.lang.String,java.lang.String,java.lang.String)
[2018-05-14 11:02:28,894][INFO ] o.s.w.s.m.m.a.RequestMappingHandlerMapping[543] - Mapped "{[/system/member/save || /system/member/update]}" onto public com.huhy.springboot_easyui.easyui.common.AjaxResult com.huhy.springboot_easyui.easyui.controller.system.MemberController.save(com.huhy.springboot_easyui.easyui.model.domain.Member,java.lang.Long[],org.springframework.validation.BindingResult)
[2018-05-14 11:02:28,894][INFO ] o.s.w.s.m.m.a.RequestMappingHandlerMapping[543] - Mapped "{[/system/member/roles]}" onto public java.util.List<com.huhy.springboot_easyui.easyui.model.domain.Role> com.huhy.springboot_easyui.easyui.controller.system.MemberController.roles()
[2018-05-14 11:02:28,895][INFO ] o.s.w.s.m.m.a.RequestMappingHandlerMapping[543] - Mapped "{[/system/member/password/reset]}" onto public com.huhy.springboot_easyui.easyui.common.AjaxResult com.huhy.springboot_easyui.easyui.controller.system.MemberController.resetPassword(java.lang.Long)
[2018-05-14 11:02:28,897][INFO ] o.s.w.s.m.m.a.RequestMappingHandlerMapping[543] - Mapped "{[/system/resource]}" onto public void com.huhy.springboot_easyui.easyui.controller.system.ResourceController.index()
[2018-05-14 11:02:28,898][INFO ] o.s.w.s.m.m.a.RequestMappingHandlerMapping[543] - Mapped "{[/system/resource/form]}" onto public void com.huhy.springboot_easyui.easyui.controller.system.ResourceController.form(java.lang.Long,org.springframework.ui.Model)
[2018-05-14 11:02:28,898][INFO ] o.s.w.s.m.m.a.RequestMappingHandlerMapping[543] - Mapped "{[/system/resource/delete]}" onto public com.huhy.springboot_easyui.easyui.common.AjaxResult com.huhy.springboot_easyui.easyui.controller.system.ResourceController.delete(java.lang.Long)
[2018-05-14 11:02:28,899][INFO ] o.s.w.s.m.m.a.RequestMappingHandlerMapping[543] - Mapped "{[/system/resource/list]}" onto public com.huhy.springboot_easyui.easyui.common.DataGrid<com.huhy.springboot_easyui.easyui.model.domain.Resource> com.huhy.springboot_easyui.easyui.controller.system.ResourceController.list()
[2018-05-14 11:02:28,900][INFO ] o.s.w.s.m.m.a.RequestMappingHandlerMapping[543] - Mapped "{[/system/resource/save || /system/resource/update]}" onto public java.lang.Object com.huhy.springboot_easyui.easyui.controller.system.ResourceController.save(com.huhy.springboot_easyui.easyui.model.domain.Resource,org.springframework.validation.BindingResult)
[2018-05-14 11:02:28,900][INFO ] o.s.w.s.m.m.a.RequestMappingHandlerMapping[543] - Mapped "{[/system/resource/parent/tree]}" onto public java.lang.Iterable<com.huhy.springboot_easyui.easyui.model.domain.Resource> com.huhy.springboot_easyui.easyui.controller.system.ResourceController.parentTree()
[2018-05-14 11:02:28,901][INFO ] o.s.w.s.m.m.a.RequestMappingHandlerMapping[543] - Mapped "{[/system/role]}" onto public void com.huhy.springboot_easyui.easyui.controller.system.RoleController.index()
[2018-05-14 11:02:28,902][INFO ] o.s.w.s.m.m.a.RequestMappingHandlerMapping[543] - Mapped "{[/system/role/delete]}" onto public com.huhy.springboot_easyui.easyui.common.AjaxResult com.huhy.springboot_easyui.easyui.controller.system.RoleController.delete(java.lang.Long)
[2018-05-14 11:02:28,902][INFO ] o.s.w.s.m.m.a.RequestMappingHandlerMapping[543] - Mapped "{[/system/role/list]}" onto public com.huhy.springboot_easyui.easyui.common.DataGrid<com.huhy.springboot_easyui.easyui.model.domain.Role> com.huhy.springboot_easyui.easyui.controller.system.RoleController.list()
[2018-05-14 11:02:28,903][INFO ] o.s.w.s.m.m.a.RequestMappingHandlerMapping[543] - Mapped "{[/system/role/save || /system/role/update]}" onto public java.lang.Object com.huhy.springboot_easyui.easyui.controller.system.RoleController.save(com.huhy.springboot_easyui.easyui.model.domain.Role,org.springframework.validation.BindingResult)
[2018-05-14 11:02:28,903][INFO ] o.s.w.s.m.m.a.RequestMappingHandlerMapping[543] - Mapped "{[/system/role/resource/save]}" onto public com.huhy.springboot_easyui.easyui.common.AjaxResult com.huhy.springboot_easyui.easyui.controller.system.RoleController.resourceSave(java.lang.Long,java.lang.Long[])
[2018-05-14 11:02:28,904][INFO ] o.s.w.s.m.m.a.RequestMappingHandlerMapping[543] - Mapped "{[/system/role/resource/tree]}" onto public java.lang.Iterable<com.huhy.springboot_easyui.easyui.model.domain.Resource> com.huhy.springboot_easyui.easyui.controller.system.RoleController.resourceTree()
[2018-05-14 11:02:28,905][INFO ] o.s.w.s.m.m.a.RequestMappingHandlerMapping[543] - Mapped "{[/im/user/list]}" onto public com.huhy.springboot_easyui.easyui.common.AjaxResult com.huhy.springboot_easyui.easyui.controller.websocket.ImController.userList()
[2018-05-14 11:02:28,905][INFO ] o.s.w.s.m.m.a.RequestMappingHandlerMapping[543] - Mapped "{[/im/send]}" onto public void com.huhy.springboot_easyui.easyui.controller.websocket.ImController.send(java.lang.Long,java.lang.String,com.huhy.springboot_easyui.easyui.model.domain.Member)
[2018-05-14 11:02:28,913][INFO ] o.s.w.s.m.m.a.RequestMappingHandlerMapping[543] - Mapped "{[/error]}" onto public org.springframework.http.ResponseEntity<java.util.Map<java.lang.String, java.lang.Object>> org.springframework.boot.autoconfigure.web.BasicErrorController.error(javax.servlet.http.HttpServletRequest)
[2018-05-14 11:02:28,913][INFO ] o.s.w.s.m.m.a.RequestMappingHandlerMapping[543] - Mapped "{[/error],produces=[text/html]}" onto public org.springframework.web.servlet.ModelAndView org.springframework.boot.autoconfigure.web.BasicErrorController.errorHtml(javax.servlet.http.HttpServletRequest,javax.servlet.http.HttpServletResponse)
[2018-05-14 11:02:28,957][INFO ] o.s.w.s.h.SimpleUrlHandlerMapping[362] - Mapped URL path [/webjars/**] onto handler of type [class org.springframework.web.servlet.resource.ResourceHttpRequestHandler]
[2018-05-14 11:02:28,958][INFO ] o.s.w.s.h.SimpleUrlHandlerMapping[362] - Mapped URL path [/**] onto handler of type [class org.springframework.web.servlet.resource.ResourceHttpRequestHandler]
[2018-05-14 11:02:29,035][INFO ] o.s.w.s.h.SimpleUrlHandlerMapping[362] - Mapped URL path [/**/favicon.ico] onto handler of type [class org.springframework.web.servlet.resource.ResourceHttpRequestHandler]
[2018-05-14 11:02:29,285][INFO ] o.s.w.s.v.f.FreeMarkerConfigurer[127] - ClassTemplateLoader for Spring macros added to FreeMarker configuration
[2018-05-14 11:02:29,733][INFO ] o.s.b.d.a.OptionalLiveReloadServer[58] - LiveReload server is running on port 35729
[2018-05-14 11:02:29,785][INFO ] o.s.j.e.a.AnnotationMBeanExporter[431] - Registering beans for JMX exposure on startup
[2018-05-14 11:02:29,791][INFO ] o.s.c.s.DefaultLifecycleProcessor[341] - Starting beans in phase 2147483647
[2018-05-14 11:02:29,798][INFO ] o.a.c.h.Http11NioProtocol[180] - Starting ProtocolHandler ["http-nio-8080"]
[2018-05-14 11:02:29,816][INFO ] o.a.t.u.n.NioSelectorPool[180] - Using a shared selector for servlet write/read
[2018-05-14 11:02:29,841][INFO ] o.s.b.c.e.t.TomcatEmbeddedServletContainer[216] - Tomcat started on port(s): 8080 (http)
[2018-05-14 11:02:29,848][INFO ] c.h.s.SpringbootEasyuiApplication[57] - Started SpringbootEasyuiApplication in 8.721 seconds (JVM running for 9.689)
[2018-05-14 11:02:41,788][INFO ] o.a.c.c.C.[.[.[/][180] - Initializing Spring FrameworkServlet 'dispatcherServlet'
[2018-05-14 11:02:41,789][INFO ] o.s.w.s.DispatcherServlet[489] - FrameworkServlet 'dispatcherServlet': initialization started
[2018-05-14 11:02:41,804][INFO ] o.s.w.s.DispatcherServlet[508] - FrameworkServlet 'dispatcherServlet': initialization completed in 15 ms
[2018-05-14 11:02:48,468][INFO ] o.h.h.i.QueryTranslatorFactoryInitiator[47] - HHH000397: Using ASTQueryTranslatorFactory
