[2018-06-27 16:36:24,514][INFO ] c.h.s.SpringbootEasyuiApplication[48] - Starting SpringbootEasyuiApplication on PC-20171116TZRZ with PID 11348 (F:\IdeaWork\springboot_easyui\target\classes started by Administrator in F:\IdeaWork\springboot_easyui)
[2018-06-27 16:36:24,517][INFO ] c.h.s.SpringbootEasyuiApplication[593] - No active profile set, falling back to default profiles: default
[2018-06-27 16:36:24,699][INFO ] o.s.b.c.e.AnnotationConfigEmbeddedWebApplicationContext[583] - Refreshing org.springframework.boot.context.embedded.AnnotationConfigEmbeddedWebApplicationContext@b8282b9: startup date [Wed Jun 27 16:36:24 CST 2018]; root of context hierarchy
[2018-06-27 16:36:25,060][INFO ] o.h.v.i.util.Version[30] - HV000001: Hibernate Validator 5.3.6.Final
[2018-06-27 16:36:28,821][INFO ] o.s.c.s.PostProcessorRegistrationDelegate$BeanPostProcessorChecker[327] - Bean 'org.springframework.transaction.annotation.ProxyTransactionManagementConfiguration' of type [org.springframework.transaction.annotation.ProxyTransactionManagementConfiguration$$EnhancerBySpringCGLIB$$f10b7984] is not eligible for getting processed by all BeanPostProcessors (for example: not eligible for auto-proxying)
[2018-06-27 16:36:33,171][INFO ] o.s.b.c.e.t.TomcatEmbeddedServletContainer[92] - Tomcat initialized with port(s): 8080 (http)
[2018-06-27 16:36:33,267][INFO ] o.a.c.h.Http11NioProtocol[180] - Initializing ProtocolHandler ["http-nio-8080"]
[2018-06-27 16:36:33,435][INFO ] o.a.c.c.StandardService[180] - Starting service [Tomcat]
[2018-06-27 16:36:33,436][INFO ] o.a.c.c.StandardEngine[180] - Starting Servlet Engine: Apache Tomcat/8.5.31
[2018-06-27 16:36:33,792][INFO ] o.a.c.c.C.[.[.[/][180] - Initializing Spring embedded WebApplicationContext
[2018-06-27 16:36:33,792][INFO ] o.s.w.c.ContextLoader[276] - Root WebApplicationContext: initialization completed in 9093 ms
[2018-06-27 16:36:33,970][INFO ] o.s.b.w.s.ServletRegistrationBean[190] - Mapping servlet: 'dispatcherServlet' to [/]
[2018-06-27 16:36:33,986][INFO ] o.s.b.w.s.FilterRegistrationBean[258] - Mapping filter: 'characterEncodingFilter' to: [/*]
[2018-06-27 16:36:33,987][INFO ] o.s.b.w.s.FilterRegistrationBean[258] - Mapping filter: 'hiddenHttpMethodFilter' to: [/*]
[2018-06-27 16:36:33,987][INFO ] o.s.b.w.s.FilterRegistrationBean[258] - Mapping filter: 'httpPutFormContentFilter' to: [/*]
[2018-06-27 16:36:33,987][INFO ] o.s.b.w.s.FilterRegistrationBean[258] - Mapping filter: 'requestContextFilter' to: [/*]
[2018-06-27 16:36:37,729][INFO ] o.s.o.j.LocalContainerEntityManagerFactoryBean[356] - Building JPA container EntityManagerFactory for persistence unit 'default'
[2018-06-27 16:36:37,745][INFO ] o.h.j.i.u.LogHelper[31] - HHH000204: Processing PersistenceUnitInfo [
	name: default
	...]
[2018-06-27 16:36:37,819][INFO ] o.hibernate.Version[37] - HHH000412: Hibernate Core {5.0.12.Final}
[2018-06-27 16:36:37,843][INFO ] o.h.cfg.Environment[198] - HHH000205: Loaded properties from resource hibernate.properties: {hibernate.dialect=org.hibernate.dialect.MySQL5Dialect, hibernate.show_sql=true, hibernate.bytecode.use_reflection_optimizer=false, hibernate.hbm2ddl.auto=update, hibernate.format_sql=true}
[2018-06-27 16:36:37,843][INFO ] o.h.cfg.Environment[317] - HHH000021: Bytecode provider name : javassist
[2018-06-27 16:36:37,944][INFO ] o.h.a.common.Version[66] - HCANN000001: Hibernate Commons Annotations {5.0.1.Final}
[2018-06-27 16:36:38,160][INFO ] o.h.dialect.Dialect[156] - HHH000400: Using dialect: org.hibernate.dialect.MySQL5Dialect
[2018-06-27 16:36:38,835][INFO ] o.h.t.h.SchemaUpdate[105] - HHH000228: Running hbm2ddl schema update
[2018-06-27 16:36:46,352][INFO ] o.s.o.j.LocalContainerEntityManagerFactoryBean[414] - Initialized JPA EntityManagerFactory for persistence unit 'default'
[2018-06-27 16:36:50,172][INFO ] o.s.s.c.ThreadPoolTaskScheduler[165] - Initializing ExecutorService  'defaultSockJsTaskScheduler'
[2018-06-27 16:36:50,512][INFO ] o.s.w.s.s.s.WebSocketHandlerMapping[362] - Mapped URL path [/ws/server] onto handler of type [class org.springframework.web.socket.server.support.WebSocketHttpRequestHandler]
[2018-06-27 16:36:50,512][INFO ] o.s.w.s.s.s.WebSocketHandlerMapping[362] - Mapped URL path [/sockjs/server/**] onto handler of type [class org.springframework.web.socket.sockjs.support.SockJsHttpRequestHandler]
[2018-06-27 16:36:54,074][INFO ] o.s.w.s.m.m.a.RequestMappingHandlerAdapter[534] - Looking for @ControllerAdvice: org.springframework.boot.context.embedded.AnnotationConfigEmbeddedWebApplicationContext@b8282b9: startup date [Wed Jun 27 16:36:24 CST 2018]; root of context hierarchy
[2018-06-27 16:36:54,221][INFO ] o.s.w.s.m.m.a.RequestMappingHandlerMapping[543] - Mapped "{[/]}" onto public java.lang.String com.huhy.springboot_easyui.easyui.controller.AppController.index()
[2018-06-27 16:36:54,222][INFO ] o.s.w.s.m.m.a.RequestMappingHandlerMapping[543] - Mapped "{[/reject]}" onto public java.lang.String com.huhy.springboot_easyui.easyui.controller.AppController.reject()
[2018-06-27 16:36:54,223][INFO ] o.s.w.s.m.m.a.RequestMappingHandlerMapping[543] - Mapped "{[/resource]}" onto public java.lang.String com.huhy.springboot_easyui.easyui.controller.AppController.login(javax.servlet.http.HttpSession,org.springframework.ui.Model)
[2018-06-27 16:36:54,224][INFO ] o.s.w.s.m.m.a.RequestMappingHandlerMapping[543] - Mapped "{[/login]}" onto public java.lang.String com.huhy.springboot_easyui.easyui.controller.AppController.login(javax.servlet.http.HttpSession)
[2018-06-27 16:36:54,224][INFO ] o.s.w.s.m.m.a.RequestMappingHandlerMapping[543] - Mapped "{[/logout]}" onto public java.lang.String com.huhy.springboot_easyui.easyui.controller.AppController.logout(javax.servlet.http.HttpSession)
[2018-06-27 16:36:54,224][INFO ] o.s.w.s.m.m.a.RequestMappingHandlerMapping[543] - Mapped "{[/login],methods=[POST]}" onto public java.lang.String com.huhy.springboot_easyui.easyui.controller.AppController.doLoin(java.lang.String,java.lang.String,org.springframework.web.servlet.mvc.support.RedirectAttributes,javax.servlet.http.HttpSession)
[2018-06-27 16:36:54,224][INFO ] o.s.w.s.m.m.a.RequestMappingHandlerMapping[543] - Mapped "{[/reg],methods=[GET]}" onto public java.lang.String com.huhy.springboot_easyui.easyui.controller.AppController.toReg()
[2018-06-27 16:36:54,225][INFO ] o.s.w.s.m.m.a.RequestMappingHandlerMapping[543] - Mapped "{[/reg],methods=[POST]}" onto public java.lang.String com.huhy.springboot_easyui.easyui.controller.AppController.doReg(java.lang.String,java.lang.String,java.lang.String,java.lang.String,java.lang.String,org.springframework.web.servlet.mvc.support.RedirectAttributes)
[2018-06-27 16:36:54,225][INFO ] o.s.w.s.m.m.a.RequestMappingHandlerMapping[543] - Mapped "{[/verify/code],methods=[GET]}" onto public void com.huhy.springboot_easyui.easyui.controller.AppController.verifyCode(javax.servlet.http.HttpServletResponse,javax.servlet.http.HttpSession)
[2018-06-27 16:36:54,225][INFO ] o.s.w.s.m.m.a.RequestMappingHandlerMapping[543] - Mapped "{[/desktop]}" onto public java.lang.String com.huhy.springboot_easyui.easyui.controller.AppController.desktop()
[2018-06-27 16:36:54,225][INFO ] o.s.w.s.m.m.a.RequestMappingHandlerMapping[543] - Mapped "{[/change/password]}" onto public java.lang.String com.huhy.springboot_easyui.easyui.controller.AppController.changePassword()
[2018-06-27 16:36:54,226][INFO ] o.s.w.s.m.m.a.RequestMappingHandlerMapping[543] - Mapped "{[/change/password],methods=[POST]}" onto public com.huhy.springboot_easyui.easyui.common.AjaxResult com.huhy.springboot_easyui.easyui.controller.AppController.doChangePassword(com.huhy.springboot_easyui.easyui.model.domain.Member,java.lang.String,java.lang.String,java.lang.String)
[2018-06-27 16:36:54,226][INFO ] o.s.w.s.m.m.a.RequestMappingHandlerMapping[543] - Mapped "{[/change/info]}" onto public java.lang.String com.huhy.springboot_easyui.easyui.controller.AppController.changeInfo()
[2018-06-27 16:36:54,226][INFO ] o.s.w.s.m.m.a.RequestMappingHandlerMapping[543] - Mapped "{[/change/info],methods=[POST]}" onto public com.huhy.springboot_easyui.easyui.common.AjaxResult com.huhy.springboot_easyui.easyui.controller.AppController.doChangeInfo(com.huhy.springboot_easyui.easyui.model.domain.Member,com.huhy.springboot_easyui.easyui.model.domain.Member,javax.servlet.http.HttpSession)
[2018-06-27 16:36:54,229][INFO ] o.s.w.s.m.m.a.RequestMappingHandlerMapping[543] - Mapped "{[/attachment/upload],methods=[POST]}" onto public com.huhy.springboot_easyui.easyui.common.AjaxResult com.huhy.springboot_easyui.easyui.controller.AttachmentController.upload(com.huhy.springboot_easyui.easyui.common.AttachmentType,com.huhy.springboot_easyui.easyui.model.domain.Member,org.springframework.web.multipart.MultipartFile)
[2018-06-27 16:36:54,443][INFO ] o.s.w.s.m.m.a.RequestMappingHandlerMapping[543] - Mapped "{[/attachment/**],methods=[GET]}" onto public org.springframework.http.ResponseEntity<org.springframework.core.io.Resource> com.huhy.springboot_easyui.easyui.controller.AttachmentController.loadFile(javax.servlet.http.HttpServletRequest)
[2018-06-27 16:36:54,445][INFO ] o.s.w.s.m.m.a.RequestMappingHandlerMapping[543] - Mapped "{[/system/member]}" onto public void com.huhy.springboot_easyui.easyui.controller.system.MemberController.index()
[2018-06-27 16:36:54,446][INFO ] o.s.w.s.m.m.a.RequestMappingHandlerMapping[543] - Mapped "{[/system/member/form]}" onto public void com.huhy.springboot_easyui.easyui.controller.system.MemberController.form(java.lang.Long,org.springframework.ui.Model)
[2018-06-27 16:36:54,446][INFO ] o.s.w.s.m.m.a.RequestMappingHandlerMapping[543] - Mapped "{[/system/member/delete]}" onto public com.huhy.springboot_easyui.easyui.common.AjaxResult com.huhy.springboot_easyui.easyui.controller.system.MemberController.delete(java.lang.Long)
[2018-06-27 16:36:54,446][INFO ] o.s.w.s.m.m.a.RequestMappingHandlerMapping[543] - Mapped "{[/system/member/check]}" onto public boolean com.huhy.springboot_easyui.easyui.controller.system.MemberController.check(java.lang.String)
[2018-06-27 16:36:54,446][INFO ] o.s.w.s.m.m.a.RequestMappingHandlerMapping[543] - Mapped "{[/system/member/list]}" onto public com.huhy.springboot_easyui.easyui.common.DataGrid<com.huhy.springboot_easyui.easyui.model.domain.Member> com.huhy.springboot_easyui.easyui.controller.system.MemberController.list(int,int,java.lang.String,java.lang.String,java.lang.String)
[2018-06-27 16:36:54,447][INFO ] o.s.w.s.m.m.a.RequestMappingHandlerMapping[543] - Mapped "{[/system/member/save || /system/member/update]}" onto public com.huhy.springboot_easyui.easyui.common.AjaxResult com.huhy.springboot_easyui.easyui.controller.system.MemberController.save(com.huhy.springboot_easyui.easyui.model.domain.Member,java.lang.Long[],org.springframework.validation.BindingResult)
[2018-06-27 16:36:54,447][INFO ] o.s.w.s.m.m.a.RequestMappingHandlerMapping[543] - Mapped "{[/system/member/password/reset]}" onto public com.huhy.springboot_easyui.easyui.common.AjaxResult com.huhy.springboot_easyui.easyui.controller.system.MemberController.resetPassword(java.lang.Long)
[2018-06-27 16:36:54,447][INFO ] o.s.w.s.m.m.a.RequestMappingHandlerMapping[543] - Mapped "{[/system/member/roles]}" onto public java.util.List<com.huhy.springboot_easyui.easyui.model.domain.Role> com.huhy.springboot_easyui.easyui.controller.system.MemberController.roles()
[2018-06-27 16:36:54,448][INFO ] o.s.w.s.m.m.a.RequestMappingHandlerMapping[543] - Mapped "{[/system/resource]}" onto public void com.huhy.springboot_easyui.easyui.controller.system.ResourceController.index()
[2018-06-27 16:36:54,448][INFO ] o.s.w.s.m.m.a.RequestMappingHandlerMapping[543] - Mapped "{[/system/resource/form]}" onto public void com.huhy.springboot_easyui.easyui.controller.system.ResourceController.form(java.lang.Long,org.springframework.ui.Model)
[2018-06-27 16:36:54,449][INFO ] o.s.w.s.m.m.a.RequestMappingHandlerMapping[543] - Mapped "{[/system/resource/delete]}" onto public com.huhy.springboot_easyui.easyui.common.AjaxResult com.huhy.springboot_easyui.easyui.controller.system.ResourceController.delete(java.lang.Long)
[2018-06-27 16:36:54,449][INFO ] o.s.w.s.m.m.a.RequestMappingHandlerMapping[543] - Mapped "{[/system/resource/list]}" onto public com.huhy.springboot_easyui.easyui.common.DataGrid<com.huhy.springboot_easyui.easyui.model.domain.Resource> com.huhy.springboot_easyui.easyui.controller.system.ResourceController.list()
[2018-06-27 16:36:54,449][INFO ] o.s.w.s.m.m.a.RequestMappingHandlerMapping[543] - Mapped "{[/system/resource/save || /system/resource/update]}" onto public java.lang.Object com.huhy.springboot_easyui.easyui.controller.system.ResourceController.save(com.huhy.springboot_easyui.easyui.model.domain.Resource,org.springframework.validation.BindingResult)
[2018-06-27 16:36:54,449][INFO ] o.s.w.s.m.m.a.RequestMappingHandlerMapping[543] - Mapped "{[/system/resource/parent/tree]}" onto public java.lang.Iterable<com.huhy.springboot_easyui.easyui.model.domain.Resource> com.huhy.springboot_easyui.easyui.controller.system.ResourceController.parentTree()
[2018-06-27 16:36:54,450][INFO ] o.s.w.s.m.m.a.RequestMappingHandlerMapping[543] - Mapped "{[/system/role]}" onto public void com.huhy.springboot_easyui.easyui.controller.system.RoleController.index()
[2018-06-27 16:36:54,451][INFO ] o.s.w.s.m.m.a.RequestMappingHandlerMapping[543] - Mapped "{[/system/role/delete]}" onto public com.huhy.springboot_easyui.easyui.common.AjaxResult com.huhy.springboot_easyui.easyui.controller.system.RoleController.delete(java.lang.Long)
[2018-06-27 16:36:54,451][INFO ] o.s.w.s.m.m.a.RequestMappingHandlerMapping[543] - Mapped "{[/system/role/list]}" onto public com.huhy.springboot_easyui.easyui.common.DataGrid<com.huhy.springboot_easyui.easyui.model.domain.Role> com.huhy.springboot_easyui.easyui.controller.system.RoleController.list()
[2018-06-27 16:36:54,451][INFO ] o.s.w.s.m.m.a.RequestMappingHandlerMapping[543] - Mapped "{[/system/role/save || /system/role/update]}" onto public java.lang.Object com.huhy.springboot_easyui.easyui.controller.system.RoleController.save(com.huhy.springboot_easyui.easyui.model.domain.Role,org.springframework.validation.BindingResult)
[2018-06-27 16:36:54,452][INFO ] o.s.w.s.m.m.a.RequestMappingHandlerMapping[543] - Mapped "{[/system/role/resource/save]}" onto public com.huhy.springboot_easyui.easyui.common.AjaxResult com.huhy.springboot_easyui.easyui.controller.system.RoleController.resourceSave(java.lang.Long,java.lang.Long[])
[2018-06-27 16:36:54,452][INFO ] o.s.w.s.m.m.a.RequestMappingHandlerMapping[543] - Mapped "{[/system/role/resource/tree]}" onto public java.lang.Iterable<com.huhy.springboot_easyui.easyui.model.domain.Resource> com.huhy.springboot_easyui.easyui.controller.system.RoleController.resourceTree()
[2018-06-27 16:36:54,452][INFO ] o.s.w.s.m.m.a.RequestMappingHandlerMapping[543] - Mapped "{[/im/user/list]}" onto public com.huhy.springboot_easyui.easyui.common.AjaxResult com.huhy.springboot_easyui.easyui.controller.websocket.ImController.userList()
[2018-06-27 16:36:54,453][INFO ] o.s.w.s.m.m.a.RequestMappingHandlerMapping[543] - Mapped "{[/im/send]}" onto public void com.huhy.springboot_easyui.easyui.controller.websocket.ImController.send(java.lang.Long,java.lang.String,com.huhy.springboot_easyui.easyui.model.domain.Member)
[2018-06-27 16:36:54,454][INFO ] o.s.w.s.m.m.a.RequestMappingHandlerMapping[543] - Mapped "{[/error]}" onto public org.springframework.http.ResponseEntity<java.util.Map<java.lang.String, java.lang.Object>> org.springframework.boot.autoconfigure.web.BasicErrorController.error(javax.servlet.http.HttpServletRequest)
[2018-06-27 16:36:54,454][INFO ] o.s.w.s.m.m.a.RequestMappingHandlerMapping[543] - Mapped "{[/error],produces=[text/html]}" onto public org.springframework.web.servlet.ModelAndView org.springframework.boot.autoconfigure.web.BasicErrorController.errorHtml(javax.servlet.http.HttpServletRequest,javax.servlet.http.HttpServletResponse)
[2018-06-27 16:36:54,482][INFO ] o.s.w.s.h.SimpleUrlHandlerMapping[362] - Mapped URL path [/webjars/**] onto handler of type [class org.springframework.web.servlet.resource.ResourceHttpRequestHandler]
[2018-06-27 16:36:54,482][INFO ] o.s.w.s.h.SimpleUrlHandlerMapping[362] - Mapped URL path [/**] onto handler of type [class org.springframework.web.servlet.resource.ResourceHttpRequestHandler]
[2018-06-27 16:36:54,632][INFO ] o.s.w.s.h.SimpleUrlHandlerMapping[362] - Mapped URL path [/**/favicon.ico] onto handler of type [class org.springframework.web.servlet.resource.ResourceHttpRequestHandler]
[2018-06-27 16:36:55,398][INFO ] o.s.w.s.v.f.FreeMarkerConfigurer[127] - ClassTemplateLoader for Spring macros added to FreeMarker configuration
[2018-06-27 16:36:55,627][WARN ] o.s.b.d.a.OptionalLiveReloadServer[62] - Unable to start LiveReload server
[2018-06-27 16:36:55,698][INFO ] o.s.j.e.a.AnnotationMBeanExporter[431] - Registering beans for JMX exposure on startup
[2018-06-27 16:36:55,719][INFO ] o.s.c.s.DefaultLifecycleProcessor[341] - Starting beans in phase 2147483647
[2018-06-27 16:36:55,726][INFO ] o.a.c.h.Http11NioProtocol[180] - Starting ProtocolHandler ["http-nio-8080"]
[2018-06-27 16:36:55,737][ERROR] o.a.c.c.StandardService[182] - Failed to start connector [Connector[HTTP/1.1-8080]]
org.apache.catalina.LifecycleException: Failed to start component [Connector[HTTP/1.1-8080]]
	at org.apache.catalina.util.LifecycleBase.start(LifecycleBase.java:167)
	at org.apache.catalina.core.StandardService.addConnector(StandardService.java:225)
	at org.springframework.boot.context.embedded.tomcat.TomcatEmbeddedServletContainer.addPreviouslyRemovedConnectors(TomcatEmbeddedServletContainer.java:265)
	at org.springframework.boot.context.embedded.tomcat.TomcatEmbeddedServletContainer.start(TomcatEmbeddedServletContainer.java:208)
	at org.springframework.boot.context.embedded.EmbeddedWebApplicationContext.startEmbeddedServletContainer(EmbeddedWebApplicationContext.java:297)
	at org.springframework.boot.context.embedded.EmbeddedWebApplicationContext.finishRefresh(EmbeddedWebApplicationContext.java:145)
	at org.springframework.context.support.AbstractApplicationContext.refresh(AbstractApplicationContext.java:546)
	at org.springframework.boot.context.embedded.EmbeddedWebApplicationContext.refresh(EmbeddedWebApplicationContext.java:122)
	at org.springframework.boot.SpringApplication.refresh(SpringApplication.java:693)
	at org.springframework.boot.SpringApplication.refreshContext(SpringApplication.java:360)
	at org.springframework.boot.SpringApplication.run(SpringApplication.java:303)
	at org.springframework.boot.SpringApplication.run(SpringApplication.java:1118)
	at org.springframework.boot.SpringApplication.run(SpringApplication.java:1107)
	at com.huhy.springboot_easyui.SpringbootEasyuiApplication.main(SpringbootEasyuiApplication.java:12)
	at sun.reflect.NativeMethodAccessorImpl.invoke0(Native Method)
	at sun.reflect.NativeMethodAccessorImpl.invoke(NativeMethodAccessorImpl.java:62)
	at sun.reflect.DelegatingMethodAccessorImpl.invoke(DelegatingMethodAccessorImpl.java:43)
	at java.lang.reflect.Method.invoke(Method.java:498)
	at org.springframework.boot.devtools.restart.RestartLauncher.run(RestartLauncher.java:49)
Caused by: org.apache.catalina.LifecycleException: Protocol handler start failed
	at org.apache.catalina.connector.Connector.startInternal(Connector.java:1020)
	at org.apache.catalina.util.LifecycleBase.start(LifecycleBase.java:150)
	... 18 common frames omitted
Caused by: java.net.BindException: Address already in use: bind
	at sun.nio.ch.Net.bind0(Native Method)
	at sun.nio.ch.Net.bind(Net.java:433)
	at sun.nio.ch.Net.bind(Net.java:425)
	at sun.nio.ch.ServerSocketChannelImpl.bind(ServerSocketChannelImpl.java:223)
	at sun.nio.ch.ServerSocketAdaptor.bind(ServerSocketAdaptor.java:74)
	at org.apache.tomcat.util.net.NioEndpoint.bind(NioEndpoint.java:210)
	at org.apache.tomcat.util.net.AbstractEndpoint.start(AbstractEndpoint.java:1150)
	at org.apache.coyote.AbstractProtocol.start(AbstractProtocol.java:591)
	at org.apache.catalina.connector.Connector.startInternal(Connector.java:1018)
	... 19 common frames omitted
[2018-06-27 16:36:55,740][INFO ] o.a.c.h.Http11NioProtocol[180] - Pausing ProtocolHandler ["http-nio-8080"]
[2018-06-27 16:36:55,740][INFO ] o.a.c.c.StandardService[180] - Stopping service [Tomcat]
[2018-06-27 16:36:55,792][INFO ] o.a.c.u.LifecycleBase[180] - The stop() method was called on component [StandardServer[-1]] after stop() had already been called. The second call will be ignored.
[2018-06-27 16:36:55,792][INFO ] o.a.c.h.Http11NioProtocol[180] - Stopping ProtocolHandler ["http-nio-8080"]
[2018-06-27 16:36:55,792][INFO ] o.a.c.h.Http11NioProtocol[180] - Destroying ProtocolHandler ["http-nio-8080"]
[2018-06-27 16:36:55,794][INFO ] o.s.b.a.l.AutoConfigurationReportLoggingInitializer[101] - 

Error starting ApplicationContext. To display the auto-configuration report re-run your application with 'debug' enabled.
[2018-06-27 16:36:57,117][ERROR] o.s.b.d.LoggingFailureAnalysisReporter[42] - 

***************************
APPLICATION FAILED TO START
***************************

Description:

The Tomcat connector configured to listen on port 8080 failed to start. The port may already be in use or the connector may be misconfigured.

Action:

Verify the connector's configuration, identify and stop any process that's listening on port 8080, or configure this application to listen on another port.

[2018-06-27 16:36:57,118][INFO ] o.s.b.c.e.AnnotationConfigEmbeddedWebApplicationContext[984] - Closing org.springframework.boot.context.embedded.AnnotationConfigEmbeddedWebApplicationContext@b8282b9: startup date [Wed Jun 27 16:36:24 CST 2018]; root of context hierarchy
[2018-06-27 16:36:57,135][INFO ] o.s.c.s.DefaultLifecycleProcessor[356] - Stopping beans in phase 2147483647
[2018-06-27 16:36:57,159][INFO ] o.s.j.e.a.AnnotationMBeanExporter[449] - Unregistering JMX-exposed beans on shutdown
[2018-06-27 16:36:57,160][INFO ] o.s.s.c.ThreadPoolTaskScheduler[202] - Shutting down ExecutorService 'defaultSockJsTaskScheduler'
[2018-06-27 16:36:57,161][INFO ] o.s.o.j.LocalContainerEntityManagerFactoryBean[590] - Closing JPA EntityManagerFactory for persistence unit 'default'
